/lustre/home/acct-stu/stu/.conda/envs/alphafold_cuda10/lib/python3.8/site-packages/absl/flags/_validators.py:203: UserWarning: Flag --preset has a non-None default value; therefore, mark_flag_as_required will pass even if flag is not specified in the command line!
  warnings.warn(
I0811 22:43:46.287395 47305658132608 templates.py:837] Using precomputed obsolete pdbs /lustre/home/acct-stu/stu/parallelfold/data/pdb_mmcif/obsolete.dat.
I0811 22:43:46.601026 47305658132608 tpu_client.py:54] Starting the local TPU driver.
I0811 22:43:46.601393 47305658132608 xla_bridge.py:212] Unable to initialize backend 'tpu_driver': Not found: Unable to find driver in registry given worker: local://
I0811 22:43:46.859116 47305658132608 xla_bridge.py:212] Unable to initialize backend 'tpu': Invalid argument: TpuPlatform is not available.
I0811 22:43:49.254248 47305658132608 run_alphafold.py:267] Have 2 models: ['model_1', 'model_2']
I0811 22:43:49.254575 47305658132608 run_alphafold.py:280] Using random seed 9196521667249808451 for the data pipeline
I0811 22:43:49.753215 47305658132608 run_alphafold.py:149] Running model model_1
I0811 22:44:15.984117 47305658132608 model.py:132] Running predict with shape(feat) = {'aatype': (4, 485), 'residue_index': (4, 485), 'seq_length': (4,), 'template_aatype': (4, 4, 485), 'template_all_atom_masks': (4, 4, 485, 37), 'template_all_atom_positions': (4, 4, 485, 37, 3), 'template_sum_probs': (4, 4, 1), 'is_distillation': (4,), 'seq_mask': (4, 485), 'msa_mask': (4, 508, 485), 'msa_row_mask': (4, 508), 'random_crop_to_size_seed': (4, 2), 'template_mask': (4, 4), 'template_pseudo_beta': (4, 4, 485, 3), 'template_pseudo_beta_mask': (4, 4, 485), 'atom14_atom_exists': (4, 485, 14), 'residx_atom14_to_atom37': (4, 485, 14), 'residx_atom37_to_atom14': (4, 485, 37), 'atom37_atom_exists': (4, 485, 37), 'extra_msa': (4, 5120, 485), 'extra_msa_mask': (4, 5120, 485), 'extra_msa_row_mask': (4, 5120), 'bert_mask': (4, 508, 485), 'true_msa': (4, 508, 485), 'extra_has_deletion': (4, 5120, 485), 'extra_deletion_value': (4, 5120, 485), 'msa_feat': (4, 508, 485, 49), 'target_feat': (4, 485, 22)}
I0811 22:47:58.740726 47305658132608 model.py:140] Output shape was {'distogram': {'bin_edges': (63,), 'logits': (485, 485, 64)}, 'experimentally_resolved': {'logits': (485, 37)}, 'masked_msa': {'logits': (508, 485, 23)}, 'predicted_lddt': {'logits': (485, 50)}, 'structure_module': {'final_atom_mask': (485, 37), 'final_atom_positions': (485, 37, 3)}, 'plddt': (485,)}
I0811 22:47:58.741376 47305658132608 run_alphafold.py:159] Total JAX model model_1 predict time (includes compilation time, see --benchmark): 223?
I0811 22:48:14.182411 47305658132608 amber_minimize.py:177] alterations info: {'nonstandard_residues': [], 'removed_heterogens': set(), 'missing_residues': {}, 'missing_heavy_atoms': {}, 'missing_terminals': {<Residue 484 (GLY) of chain 0>: ['OXT']}, 'Se_in_MET': [], 'removed_chains': {0: []}}
I0811 22:48:15.215574 47305658132608 amber_minimize.py:405] Minimizing protein, attempt 1 of 100.
I0811 22:48:15.932556 47305658132608 amber_minimize.py:69] Restraining 3664 / 7444 particles.
I0811 22:50:36.553285 47305658132608 amber_minimize.py:177] alterations info: {'nonstandard_residues': [], 'removed_heterogens': set(), 'missing_residues': {}, 'missing_heavy_atoms': {}, 'missing_terminals': {}, 'Se_in_MET': [], 'removed_chains': {0: []}}
I0811 22:51:05.066682 47305658132608 amber_minimize.py:491] Iteration completed: Einit 9751.43 Efinal -11205.22 Time 136.67 s num residue violations 0 num residue exclusions 0 
I0811 22:51:11.853736 47305658132608 amber_minimize.py:177] alterations info: {'nonstandard_residues': [], 'removed_heterogens': set(), 'missing_residues': {}, 'missing_heavy_atoms': {}, 'missing_terminals': {<Residue 484 (GLY) of chain 0>: ['OXT']}, 'Se_in_MET': [], 'removed_chains': {0: []}}
I0811 22:51:13.296268 47305658132608 run_alphafold.py:149] Running model model_2
I0811 22:51:36.547370 47305658132608 model.py:132] Running predict with shape(feat) = {'aatype': (4, 485), 'residue_index': (4, 485), 'seq_length': (4,), 'template_aatype': (4, 4, 485), 'template_all_atom_masks': (4, 4, 485, 37), 'template_all_atom_positions': (4, 4, 485, 37, 3), 'template_sum_probs': (4, 4, 1), 'is_distillation': (4,), 'seq_mask': (4, 485), 'msa_mask': (4, 508, 485), 'msa_row_mask': (4, 508), 'random_crop_to_size_seed': (4, 2), 'template_mask': (4, 4), 'template_pseudo_beta': (4, 4, 485, 3), 'template_pseudo_beta_mask': (4, 4, 485), 'atom14_atom_exists': (4, 485, 14), 'residx_atom14_to_atom37': (4, 485, 14), 'residx_atom37_to_atom14': (4, 485, 37), 'atom37_atom_exists': (4, 485, 37), 'extra_msa': (4, 1024, 485), 'extra_msa_mask': (4, 1024, 485), 'extra_msa_row_mask': (4, 1024), 'bert_mask': (4, 508, 485), 'true_msa': (4, 508, 485), 'extra_has_deletion': (4, 1024, 485), 'extra_deletion_value': (4, 1024, 485), 'msa_feat': (4, 508, 485, 49), 'target_feat': (4, 485, 22)}
I0811 22:54:55.031592 47305658132608 model.py:140] Output shape was {'distogram': {'bin_edges': (63,), 'logits': (485, 485, 64)}, 'experimentally_resolved': {'logits': (485, 37)}, 'masked_msa': {'logits': (508, 485, 23)}, 'predicted_lddt': {'logits': (485, 50)}, 'structure_module': {'final_atom_mask': (485, 37), 'final_atom_positions': (485, 37, 3)}, 'plddt': (485,)}
I0811 22:54:55.032406 47305658132608 run_alphafold.py:159] Total JAX model model_2 predict time (includes compilation time, see --benchmark): 198?
I0811 22:55:04.016111 47305658132608 amber_minimize.py:177] alterations info: {'nonstandard_residues': [], 'removed_heterogens': set(), 'missing_residues': {}, 'missing_heavy_atoms': {}, 'missing_terminals': {<Residue 484 (GLY) of chain 0>: ['OXT']}, 'Se_in_MET': [], 'removed_chains': {0: []}}
I0811 22:55:05.426623 47305658132608 amber_minimize.py:405] Minimizing protein, attempt 1 of 100.
I0811 22:55:06.107624 47305658132608 amber_minimize.py:69] Restraining 3664 / 7444 particles.
I0811 22:57:51.529652 47305658132608 amber_minimize.py:177] alterations info: {'nonstandard_residues': [], 'removed_heterogens': set(), 'missing_residues': {}, 'missing_heavy_atoms': {}, 'missing_terminals': {}, 'Se_in_MET': [], 'removed_chains': {0: []}}
I0811 22:57:54.706465 47305658132608 amber_minimize.py:491] Iteration completed: Einit 7079.59 Efinal -11080.13 Time 162.19 s num residue violations 0 num residue exclusions 0 
I0811 22:58:01.199195 47305658132608 amber_minimize.py:177] alterations info: {'nonstandard_residues': [], 'removed_heterogens': set(), 'missing_residues': {}, 'missing_heavy_atoms': {}, 'missing_terminals': {<Residue 484 (GLY) of chain 0>: ['OXT']}, 'Se_in_MET': [], 'removed_chains': {0: []}}
I0811 22:58:03.268699 47305658132608 run_alphafold.py:208] Final timings for 3DAC_009: {'features': 0.4972877502441406, 'process_features_model_1': 26.22969937324524, 'predict_and_compile_model_1': 222.7582311630249, 'relax_model_1': 191.58266425132751, 'process_features_model_2': 23.248706579208374, 'predict_and_compile_model_2': 198.48722624778748, 'relax_model_2': 186.43416810035706}
