/lustre/home/acct-stu/stu/.conda/envs/alphafold_cuda10/lib/python3.8/site-packages/absl/flags/_validators.py:203: UserWarning: Flag --preset has a non-None default value; therefore, mark_flag_as_required will pass even if flag is not specified in the command line!
  warnings.warn(
I0811 22:41:45.802304 47910472358016 templates.py:837] Using precomputed obsolete pdbs /lustre/home/acct-stu/stu/parallelfold/data/pdb_mmcif/obsolete.dat.
I0811 22:41:46.102136 47910472358016 tpu_client.py:54] Starting the local TPU driver.
I0811 22:41:46.102479 47910472358016 xla_bridge.py:212] Unable to initialize backend 'tpu_driver': Not found: Unable to find driver in registry given worker: local://
I0811 22:41:46.341557 47910472358016 xla_bridge.py:212] Unable to initialize backend 'tpu': Invalid argument: TpuPlatform is not available.
I0811 22:41:48.714455 47910472358016 run_alphafold.py:267] Have 2 models: ['model_1', 'model_2']
I0811 22:41:48.714798 47910472358016 run_alphafold.py:280] Using random seed 8484836686463757290 for the data pipeline
I0811 22:41:49.005811 47910472358016 run_alphafold.py:149] Running model model_1
I0811 22:41:58.729780 47910472358016 model.py:132] Running predict with shape(feat) = {'aatype': (4, 264), 'residue_index': (4, 264), 'seq_length': (4,), 'template_aatype': (4, 4, 264), 'template_all_atom_masks': (4, 4, 264, 37), 'template_all_atom_positions': (4, 4, 264, 37, 3), 'template_sum_probs': (4, 4, 1), 'is_distillation': (4,), 'seq_mask': (4, 264), 'msa_mask': (4, 508, 264), 'msa_row_mask': (4, 508), 'random_crop_to_size_seed': (4, 2), 'template_mask': (4, 4), 'template_pseudo_beta': (4, 4, 264, 3), 'template_pseudo_beta_mask': (4, 4, 264), 'atom14_atom_exists': (4, 264, 14), 'residx_atom14_to_atom37': (4, 264, 14), 'residx_atom37_to_atom14': (4, 264, 37), 'atom37_atom_exists': (4, 264, 37), 'extra_msa': (4, 5120, 264), 'extra_msa_mask': (4, 5120, 264), 'extra_msa_row_mask': (4, 5120), 'bert_mask': (4, 508, 264), 'true_msa': (4, 508, 264), 'extra_has_deletion': (4, 5120, 264), 'extra_deletion_value': (4, 5120, 264), 'msa_feat': (4, 508, 264, 49), 'target_feat': (4, 264, 22)}
I0811 22:44:43.431545 47910472358016 model.py:140] Output shape was {'distogram': {'bin_edges': (63,), 'logits': (264, 264, 64)}, 'experimentally_resolved': {'logits': (264, 37)}, 'masked_msa': {'logits': (508, 264, 23)}, 'predicted_lddt': {'logits': (264, 50)}, 'structure_module': {'final_atom_mask': (264, 37), 'final_atom_positions': (264, 37, 3)}, 'plddt': (264,)}
I0811 22:44:43.432167 47910472358016 run_alphafold.py:159] Total JAX model model_1 predict time (includes compilation time, see --benchmark): 165?
I0811 22:44:54.065815 47910472358016 amber_minimize.py:177] alterations info: {'nonstandard_residues': [], 'removed_heterogens': set(), 'missing_residues': {}, 'missing_heavy_atoms': {}, 'missing_terminals': {<Residue 263 (VAL) of chain 0>: ['OXT']}, 'Se_in_MET': [], 'removed_chains': {0: []}}
I0811 22:44:54.871137 47910472358016 amber_minimize.py:405] Minimizing protein, attempt 1 of 100.
I0811 22:44:55.314481 47910472358016 amber_minimize.py:69] Restraining 2075 / 4186 particles.
I0811 22:45:43.304031 47910472358016 amber_minimize.py:177] alterations info: {'nonstandard_residues': [], 'removed_heterogens': set(), 'missing_residues': {}, 'missing_heavy_atoms': {}, 'missing_terminals': {}, 'Se_in_MET': [], 'removed_chains': {0: []}}
I0811 22:46:08.981113 47910472358016 amber_minimize.py:491] Iteration completed: Einit 40304.06 Efinal -5551.78 Time 45.52 s num residue violations 0 num residue exclusions 0 
I0811 22:46:13.470088 47910472358016 amber_minimize.py:177] alterations info: {'nonstandard_residues': [], 'removed_heterogens': set(), 'missing_residues': {}, 'missing_heavy_atoms': {}, 'missing_terminals': {<Residue 263 (VAL) of chain 0>: ['OXT']}, 'Se_in_MET': [], 'removed_chains': {0: []}}
I0811 22:46:14.510614 47910472358016 run_alphafold.py:149] Running model model_2
I0811 22:46:22.121900 47910472358016 model.py:132] Running predict with shape(feat) = {'aatype': (4, 264), 'residue_index': (4, 264), 'seq_length': (4,), 'template_aatype': (4, 4, 264), 'template_all_atom_masks': (4, 4, 264, 37), 'template_all_atom_positions': (4, 4, 264, 37, 3), 'template_sum_probs': (4, 4, 1), 'is_distillation': (4,), 'seq_mask': (4, 264), 'msa_mask': (4, 508, 264), 'msa_row_mask': (4, 508), 'random_crop_to_size_seed': (4, 2), 'template_mask': (4, 4), 'template_pseudo_beta': (4, 4, 264, 3), 'template_pseudo_beta_mask': (4, 4, 264), 'atom14_atom_exists': (4, 264, 14), 'residx_atom14_to_atom37': (4, 264, 14), 'residx_atom37_to_atom14': (4, 264, 37), 'atom37_atom_exists': (4, 264, 37), 'extra_msa': (4, 1024, 264), 'extra_msa_mask': (4, 1024, 264), 'extra_msa_row_mask': (4, 1024), 'bert_mask': (4, 508, 264), 'true_msa': (4, 508, 264), 'extra_has_deletion': (4, 1024, 264), 'extra_deletion_value': (4, 1024, 264), 'msa_feat': (4, 508, 264, 49), 'target_feat': (4, 264, 22)}
I0811 22:48:58.788755 47910472358016 model.py:140] Output shape was {'distogram': {'bin_edges': (63,), 'logits': (264, 264, 64)}, 'experimentally_resolved': {'logits': (264, 37)}, 'masked_msa': {'logits': (508, 264, 23)}, 'predicted_lddt': {'logits': (264, 50)}, 'structure_module': {'final_atom_mask': (264, 37), 'final_atom_positions': (264, 37, 3)}, 'plddt': (264,)}
I0811 22:48:58.789577 47910472358016 run_alphafold.py:159] Total JAX model model_2 predict time (includes compilation time, see --benchmark): 157?
I0811 22:49:04.192171 47910472358016 amber_minimize.py:177] alterations info: {'nonstandard_residues': [], 'removed_heterogens': set(), 'missing_residues': {}, 'missing_heavy_atoms': {}, 'missing_terminals': {<Residue 263 (VAL) of chain 0>: ['OXT']}, 'Se_in_MET': [], 'removed_chains': {0: []}}
I0811 22:49:05.415380 47910472358016 amber_minimize.py:405] Minimizing protein, attempt 1 of 100.
I0811 22:49:05.887358 47910472358016 amber_minimize.py:69] Restraining 2075 / 4186 particles.
I0811 22:49:53.379936 47910472358016 amber_minimize.py:177] alterations info: {'nonstandard_residues': [], 'removed_heterogens': set(), 'missing_residues': {}, 'missing_heavy_atoms': {}, 'missing_terminals': {}, 'Se_in_MET': [], 'removed_chains': {0: []}}
I0811 22:49:54.140716 47910472358016 amber_minimize.py:491] Iteration completed: Einit 80565.02 Efinal -5648.45 Time 45.92 s num residue violations 0 num residue exclusions 0 
I0811 22:49:58.942890 47910472358016 amber_minimize.py:177] alterations info: {'nonstandard_residues': [], 'removed_heterogens': set(), 'missing_residues': {}, 'missing_heavy_atoms': {}, 'missing_terminals': {<Residue 263 (VAL) of chain 0>: ['OXT']}, 'Se_in_MET': [], 'removed_chains': {0: []}}
I0811 22:49:59.524328 47910472358016 run_alphafold.py:208] Final timings for 3DAC_003: {'features': 0.28885936737060547, 'process_features_model_1': 9.722733497619629, 'predict_and_compile_model_1': 164.70338916778564, 'relax_model_1': 88.87518978118896, 'process_features_model_2': 7.609659910202026, 'predict_and_compile_model_2': 156.66908645629883, 'relax_model_2': 59.37193059921265}
