/lustre/home/acct-stu/stu/.conda/envs/alphafold_cuda10/lib/python3.8/site-packages/absl/flags/_validators.py:203: UserWarning: Flag --preset has a non-None default value; therefore, mark_flag_as_required will pass even if flag is not specified in the command line!
  warnings.warn(
I0811 22:42:45.984696 47005553236096 templates.py:837] Using precomputed obsolete pdbs /lustre/home/acct-stu/stu/parallelfold/data/pdb_mmcif/obsolete.dat.
I0811 22:42:46.291553 47005553236096 tpu_client.py:54] Starting the local TPU driver.
I0811 22:42:46.292125 47005553236096 xla_bridge.py:212] Unable to initialize backend 'tpu_driver': Not found: Unable to find driver in registry given worker: local://
I0811 22:42:46.580576 47005553236096 xla_bridge.py:212] Unable to initialize backend 'tpu': Invalid argument: TpuPlatform is not available.
I0811 22:42:48.959167 47005553236096 run_alphafold.py:267] Have 2 models: ['model_1', 'model_2']
I0811 22:42:48.959448 47005553236096 run_alphafold.py:280] Using random seed 4759386938925234064 for the data pipeline
I0811 22:42:49.332886 47005553236096 run_alphafold.py:149] Running model model_1
I0811 22:43:06.446887 47005553236096 model.py:132] Running predict with shape(feat) = {'aatype': (4, 230), 'residue_index': (4, 230), 'seq_length': (4,), 'template_aatype': (4, 4, 230), 'template_all_atom_masks': (4, 4, 230, 37), 'template_all_atom_positions': (4, 4, 230, 37, 3), 'template_sum_probs': (4, 4, 1), 'is_distillation': (4,), 'seq_mask': (4, 230), 'msa_mask': (4, 508, 230), 'msa_row_mask': (4, 508), 'random_crop_to_size_seed': (4, 2), 'template_mask': (4, 4), 'template_pseudo_beta': (4, 4, 230, 3), 'template_pseudo_beta_mask': (4, 4, 230), 'atom14_atom_exists': (4, 230, 14), 'residx_atom14_to_atom37': (4, 230, 14), 'residx_atom37_to_atom14': (4, 230, 37), 'atom37_atom_exists': (4, 230, 37), 'extra_msa': (4, 5120, 230), 'extra_msa_mask': (4, 5120, 230), 'extra_msa_row_mask': (4, 5120), 'bert_mask': (4, 508, 230), 'true_msa': (4, 508, 230), 'extra_has_deletion': (4, 5120, 230), 'extra_deletion_value': (4, 5120, 230), 'msa_feat': (4, 508, 230, 49), 'target_feat': (4, 230, 22)}
I0811 22:45:51.590958 47005553236096 model.py:140] Output shape was {'distogram': {'bin_edges': (63,), 'logits': (230, 230, 64)}, 'experimentally_resolved': {'logits': (230, 37)}, 'masked_msa': {'logits': (508, 230, 23)}, 'predicted_lddt': {'logits': (230, 50)}, 'structure_module': {'final_atom_mask': (230, 37), 'final_atom_positions': (230, 37, 3)}, 'plddt': (230,)}
I0811 22:45:51.591603 47005553236096 run_alphafold.py:159] Total JAX model model_1 predict time (includes compilation time, see --benchmark): 165?
I0811 22:46:01.715077 47005553236096 amber_minimize.py:177] alterations info: {'nonstandard_residues': [], 'removed_heterogens': set(), 'missing_residues': {}, 'missing_heavy_atoms': {}, 'missing_terminals': {<Residue 229 (GLY) of chain 0>: ['OXT']}, 'Se_in_MET': [], 'removed_chains': {0: []}}
I0811 22:46:01.943088 47005553236096 amber_minimize.py:405] Minimizing protein, attempt 1 of 100.
I0811 22:46:02.845255 47005553236096 amber_minimize.py:69] Restraining 1764 / 3566 particles.
I0811 22:46:38.028540 47005553236096 amber_minimize.py:177] alterations info: {'nonstandard_residues': [], 'removed_heterogens': set(), 'missing_residues': {}, 'missing_heavy_atoms': {}, 'missing_terminals': {}, 'Se_in_MET': [], 'removed_chains': {0: []}}
I0811 22:47:03.227700 47005553236096 amber_minimize.py:491] Iteration completed: Einit 6597.78 Efinal -4769.15 Time 33.97 s num residue violations 0 num residue exclusions 0 
I0811 22:47:07.215782 47005553236096 amber_minimize.py:177] alterations info: {'nonstandard_residues': [], 'removed_heterogens': set(), 'missing_residues': {}, 'missing_heavy_atoms': {}, 'missing_terminals': {<Residue 229 (GLY) of chain 0>: ['OXT']}, 'Se_in_MET': [], 'removed_chains': {0: []}}
I0811 22:47:07.667832 47005553236096 run_alphafold.py:149] Running model model_2
I0811 22:47:21.370681 47005553236096 model.py:132] Running predict with shape(feat) = {'aatype': (4, 230), 'residue_index': (4, 230), 'seq_length': (4,), 'template_aatype': (4, 4, 230), 'template_all_atom_masks': (4, 4, 230, 37), 'template_all_atom_positions': (4, 4, 230, 37, 3), 'template_sum_probs': (4, 4, 1), 'is_distillation': (4,), 'seq_mask': (4, 230), 'msa_mask': (4, 508, 230), 'msa_row_mask': (4, 508), 'random_crop_to_size_seed': (4, 2), 'template_mask': (4, 4), 'template_pseudo_beta': (4, 4, 230, 3), 'template_pseudo_beta_mask': (4, 4, 230), 'atom14_atom_exists': (4, 230, 14), 'residx_atom14_to_atom37': (4, 230, 14), 'residx_atom37_to_atom14': (4, 230, 37), 'atom37_atom_exists': (4, 230, 37), 'extra_msa': (4, 1024, 230), 'extra_msa_mask': (4, 1024, 230), 'extra_msa_row_mask': (4, 1024), 'bert_mask': (4, 508, 230), 'true_msa': (4, 508, 230), 'extra_has_deletion': (4, 1024, 230), 'extra_deletion_value': (4, 1024, 230), 'msa_feat': (4, 508, 230, 49), 'target_feat': (4, 230, 22)}
I0811 22:49:52.296021 47005553236096 model.py:140] Output shape was {'distogram': {'bin_edges': (63,), 'logits': (230, 230, 64)}, 'experimentally_resolved': {'logits': (230, 37)}, 'masked_msa': {'logits': (508, 230, 23)}, 'predicted_lddt': {'logits': (230, 50)}, 'structure_module': {'final_atom_mask': (230, 37), 'final_atom_positions': (230, 37, 3)}, 'plddt': (230,)}
I0811 22:49:52.296813 47005553236096 run_alphafold.py:159] Total JAX model model_2 predict time (includes compilation time, see --benchmark): 151?
I0811 22:49:56.449805 47005553236096 amber_minimize.py:177] alterations info: {'nonstandard_residues': [], 'removed_heterogens': set(), 'missing_residues': {}, 'missing_heavy_atoms': {}, 'missing_terminals': {<Residue 229 (GLY) of chain 0>: ['OXT']}, 'Se_in_MET': [], 'removed_chains': {0: []}}
I0811 22:49:56.680926 47005553236096 amber_minimize.py:405] Minimizing protein, attempt 1 of 100.
I0811 22:49:58.081576 47005553236096 amber_minimize.py:69] Restraining 1764 / 3566 particles.
I0811 22:50:38.291205 47005553236096 amber_minimize.py:177] alterations info: {'nonstandard_residues': [], 'removed_heterogens': set(), 'missing_residues': {}, 'missing_heavy_atoms': {}, 'missing_terminals': {}, 'Se_in_MET': [], 'removed_chains': {0: []}}
I0811 22:50:38.869782 47005553236096 amber_minimize.py:491] Iteration completed: Einit 4250.58 Efinal -4776.97 Time 39.81 s num residue violations 0 num residue exclusions 0 
I0811 22:50:41.944840 47005553236096 amber_minimize.py:177] alterations info: {'nonstandard_residues': [], 'removed_heterogens': set(), 'missing_residues': {}, 'missing_heavy_atoms': {}, 'missing_terminals': {<Residue 229 (GLY) of chain 0>: ['OXT']}, 'Se_in_MET': [], 'removed_chains': {0: []}}
I0811 22:50:43.516595 47005553236096 run_alphafold.py:208] Final timings for 3DAC_005: {'features': 0.37247276306152344, 'process_features_model_1': 17.11274290084839, 'predict_and_compile_model_1': 165.14571976661682, 'relax_model_1': 74.05562019348145, 'process_features_model_2': 13.700833320617676, 'predict_and_compile_model_2': 150.92794799804688, 'relax_model_2': 50.472150802612305}
