/lustre/home/acct-stu/stu/.conda/envs/alphafold_cuda10/lib/python3.8/site-packages/absl/flags/_validators.py:203: UserWarning: Flag --preset has a non-None default value; therefore, mark_flag_as_required will pass even if flag is not specified in the command line!
  warnings.warn(
I0810 00:21:26.757763 47415381817472 templates.py:837] Using precomputed obsolete pdbs /lustre/home/acct-stu/stu/parallelfold/data/pdb_mmcif/obsolete.dat.
I0810 00:21:27.366329 47415381817472 tpu_client.py:54] Starting the local TPU driver.
I0810 00:21:27.535864 47415381817472 xla_bridge.py:212] Unable to initialize backend 'tpu_driver': Not found: Unable to find driver in registry given worker: local://
I0810 00:21:29.251500 47415381817472 xla_bridge.py:212] Unable to initialize backend 'tpu': Invalid argument: TpuPlatform is not available.
I0810 00:21:31.803080 47415381817472 run_alphafold.py:267] Have 2 models: ['model_1', 'model_2']
I0810 00:21:31.803312 47415381817472 run_alphafold.py:280] Using random seed 4935329702097636351 for the data pipeline
I0810 00:21:31.956729 47415381817472 run_alphafold.py:149] Running model model_1
I0810 00:21:49.022001 47415381817472 model.py:132] Running predict with shape(feat) = {'aatype': (4, 340), 'residue_index': (4, 340), 'seq_length': (4,), 'template_aatype': (4, 4, 340), 'template_all_atom_masks': (4, 4, 340, 37), 'template_all_atom_positions': (4, 4, 340, 37, 3), 'template_sum_probs': (4, 4, 1), 'is_distillation': (4,), 'seq_mask': (4, 340), 'msa_mask': (4, 508, 340), 'msa_row_mask': (4, 508), 'random_crop_to_size_seed': (4, 2), 'template_mask': (4, 4), 'template_pseudo_beta': (4, 4, 340, 3), 'template_pseudo_beta_mask': (4, 4, 340), 'atom14_atom_exists': (4, 340, 14), 'residx_atom14_to_atom37': (4, 340, 14), 'residx_atom37_to_atom14': (4, 340, 37), 'atom37_atom_exists': (4, 340, 37), 'extra_msa': (4, 5120, 340), 'extra_msa_mask': (4, 5120, 340), 'extra_msa_row_mask': (4, 5120), 'bert_mask': (4, 508, 340), 'true_msa': (4, 508, 340), 'extra_has_deletion': (4, 5120, 340), 'extra_deletion_value': (4, 5120, 340), 'msa_feat': (4, 508, 340, 49), 'target_feat': (4, 340, 22)}
I0810 00:25:20.092510 47415381817472 model.py:140] Output shape was {'distogram': {'bin_edges': (63,), 'logits': (340, 340, 64)}, 'experimentally_resolved': {'logits': (340, 37)}, 'masked_msa': {'logits': (508, 340, 23)}, 'predicted_lddt': {'logits': (340, 50)}, 'structure_module': {'final_atom_mask': (340, 37), 'final_atom_positions': (340, 37, 3)}, 'plddt': (340,)}
I0810 00:25:20.094802 47415381817472 run_alphafold.py:159] Total JAX model model_1 predict time (includes compilation time, see --benchmark): 211?
I0810 00:25:33.367987 47415381817472 amber_minimize.py:177] alterations info: {'nonstandard_residues': [], 'removed_heterogens': set(), 'missing_residues': {}, 'missing_heavy_atoms': {}, 'missing_terminals': {<Residue 339 (GLY) of chain 0>: ['OXT']}, 'Se_in_MET': [], 'removed_chains': {0: []}}
I0810 00:25:33.726625 47415381817472 amber_minimize.py:405] Minimizing protein, attempt 1 of 100.
I0810 00:25:34.768245 47415381817472 amber_minimize.py:69] Restraining 2688 / 5384 particles.
I0810 00:26:56.323749 47415381817472 amber_minimize.py:177] alterations info: {'nonstandard_residues': [], 'removed_heterogens': set(), 'missing_residues': {}, 'missing_heavy_atoms': {}, 'missing_terminals': {}, 'Se_in_MET': [], 'removed_chains': {0: []}}
I0810 00:27:15.613248 47415381817472 amber_minimize.py:491] Iteration completed: Einit 13425.68 Efinal -6290.62 Time 79.34 s num residue violations 0 num residue exclusions 0 
I0810 00:27:20.905116 47415381817472 amber_minimize.py:177] alterations info: {'nonstandard_residues': [], 'removed_heterogens': set(), 'missing_residues': {}, 'missing_heavy_atoms': {}, 'missing_terminals': {<Residue 339 (GLY) of chain 0>: ['OXT']}, 'Se_in_MET': [], 'removed_chains': {0: []}}
I0810 00:27:22.103131 47415381817472 run_alphafold.py:149] Running model model_2
I0810 00:27:25.367747 47415381817472 model.py:132] Running predict with shape(feat) = {'aatype': (4, 340), 'residue_index': (4, 340), 'seq_length': (4,), 'template_aatype': (4, 4, 340), 'template_all_atom_masks': (4, 4, 340, 37), 'template_all_atom_positions': (4, 4, 340, 37, 3), 'template_sum_probs': (4, 4, 1), 'is_distillation': (4,), 'seq_mask': (4, 340), 'msa_mask': (4, 508, 340), 'msa_row_mask': (4, 508), 'random_crop_to_size_seed': (4, 2), 'template_mask': (4, 4), 'template_pseudo_beta': (4, 4, 340, 3), 'template_pseudo_beta_mask': (4, 4, 340), 'atom14_atom_exists': (4, 340, 14), 'residx_atom14_to_atom37': (4, 340, 14), 'residx_atom37_to_atom14': (4, 340, 37), 'atom37_atom_exists': (4, 340, 37), 'extra_msa': (4, 1024, 340), 'extra_msa_mask': (4, 1024, 340), 'extra_msa_row_mask': (4, 1024), 'bert_mask': (4, 508, 340), 'true_msa': (4, 508, 340), 'extra_has_deletion': (4, 1024, 340), 'extra_deletion_value': (4, 1024, 340), 'msa_feat': (4, 508, 340, 49), 'target_feat': (4, 340, 22)}
I0810 00:30:33.346512 47415381817472 model.py:140] Output shape was {'distogram': {'bin_edges': (63,), 'logits': (340, 340, 64)}, 'experimentally_resolved': {'logits': (340, 37)}, 'masked_msa': {'logits': (508, 340, 23)}, 'predicted_lddt': {'logits': (340, 50)}, 'structure_module': {'final_atom_mask': (340, 37), 'final_atom_positions': (340, 37, 3)}, 'plddt': (340,)}
I0810 00:30:33.347323 47415381817472 run_alphafold.py:159] Total JAX model model_2 predict time (includes compilation time, see --benchmark): 188?
I0810 00:30:41.579014 47415381817472 amber_minimize.py:177] alterations info: {'nonstandard_residues': [], 'removed_heterogens': set(), 'missing_residues': {}, 'missing_heavy_atoms': {}, 'missing_terminals': {<Residue 339 (GLY) of chain 0>: ['OXT']}, 'Se_in_MET': [], 'removed_chains': {0: []}}
I0810 00:30:41.927132 47415381817472 amber_minimize.py:405] Minimizing protein, attempt 1 of 100.
I0810 00:30:42.507857 47415381817472 amber_minimize.py:69] Restraining 2688 / 5384 particles.
I0810 00:32:00.711909 47415381817472 amber_minimize.py:177] alterations info: {'nonstandard_residues': [], 'removed_heterogens': set(), 'missing_residues': {}, 'missing_heavy_atoms': {}, 'missing_terminals': {}, 'Se_in_MET': [], 'removed_chains': {0: []}}
I0810 00:32:01.746895 47415381817472 amber_minimize.py:491] Iteration completed: Einit 8938.50 Efinal -6519.17 Time 75.44 s num residue violations 0 num residue exclusions 0 
I0810 00:32:07.618935 47415381817472 amber_minimize.py:177] alterations info: {'nonstandard_residues': [], 'removed_heterogens': set(), 'missing_residues': {}, 'missing_heavy_atoms': {}, 'missing_terminals': {<Residue 339 (GLY) of chain 0>: ['OXT']}, 'Se_in_MET': [], 'removed_chains': {0: []}}
I0810 00:32:08.355140 47415381817472 run_alphafold.py:208] Final timings for A501_006: {'features': 0.15230798721313477, 'process_features_model_1': 17.06473135948181, 'predict_and_compile_model_1': 211.0731213092804, 'relax_model_1': 119.16458082199097, 'process_features_model_2': 3.2623984813690186, 'predict_and_compile_model_2': 187.9815709590912, 'relax_model_2': 93.33992457389832}
