/lustre/home/acct-stu/stu/.conda/envs/alphafold_cuda10/lib/python3.8/site-packages/absl/flags/_validators.py:203: UserWarning: Flag --preset has a non-None default value; therefore, mark_flag_as_required will pass even if flag is not specified in the command line!
  warnings.warn(
I0810 00:24:03.778621 47277326715008 templates.py:837] Using precomputed obsolete pdbs /lustre/home/acct-stu/stu/parallelfold/data/pdb_mmcif/obsolete.dat.
I0810 00:24:05.506023 47277326715008 tpu_client.py:54] Starting the local TPU driver.
I0810 00:24:06.219957 47277326715008 xla_bridge.py:212] Unable to initialize backend 'tpu_driver': Not found: Unable to find driver in registry given worker: local://
I0810 00:24:07.644486 47277326715008 xla_bridge.py:212] Unable to initialize backend 'tpu': Invalid argument: TpuPlatform is not available.
I0810 00:24:10.836169 47277326715008 run_alphafold.py:267] Have 2 models: ['model_1', 'model_2']
I0810 00:24:10.836513 47277326715008 run_alphafold.py:280] Using random seed 5545864579539855660 for the data pipeline
I0810 00:24:11.565212 47277326715008 run_alphafold.py:149] Running model model_1
I0810 00:24:48.925445 47277326715008 model.py:132] Running predict with shape(feat) = {'aatype': (4, 239), 'residue_index': (4, 239), 'seq_length': (4,), 'template_aatype': (4, 4, 239), 'template_all_atom_masks': (4, 4, 239, 37), 'template_all_atom_positions': (4, 4, 239, 37, 3), 'template_sum_probs': (4, 4, 1), 'is_distillation': (4,), 'seq_mask': (4, 239), 'msa_mask': (4, 508, 239), 'msa_row_mask': (4, 508), 'random_crop_to_size_seed': (4, 2), 'template_mask': (4, 4), 'template_pseudo_beta': (4, 4, 239, 3), 'template_pseudo_beta_mask': (4, 4, 239), 'atom14_atom_exists': (4, 239, 14), 'residx_atom14_to_atom37': (4, 239, 14), 'residx_atom37_to_atom14': (4, 239, 37), 'atom37_atom_exists': (4, 239, 37), 'extra_msa': (4, 5120, 239), 'extra_msa_mask': (4, 5120, 239), 'extra_msa_row_mask': (4, 5120), 'bert_mask': (4, 508, 239), 'true_msa': (4, 508, 239), 'extra_has_deletion': (4, 5120, 239), 'extra_deletion_value': (4, 5120, 239), 'msa_feat': (4, 508, 239, 49), 'target_feat': (4, 239, 22)}
I0810 00:27:52.289997 47277326715008 model.py:140] Output shape was {'distogram': {'bin_edges': (63,), 'logits': (239, 239, 64)}, 'experimentally_resolved': {'logits': (239, 37)}, 'masked_msa': {'logits': (508, 239, 23)}, 'predicted_lddt': {'logits': (239, 50)}, 'structure_module': {'final_atom_mask': (239, 37), 'final_atom_positions': (239, 37, 3)}, 'plddt': (239,)}
I0810 00:27:52.295100 47277326715008 run_alphafold.py:159] Total JAX model model_1 predict time (includes compilation time, see --benchmark): 183?
I0810 00:28:14.001239 47277326715008 amber_minimize.py:177] alterations info: {'nonstandard_residues': [], 'removed_heterogens': set(), 'missing_residues': {}, 'missing_heavy_atoms': {}, 'missing_terminals': {<Residue 238 (LYS) of chain 0>: ['OXT']}, 'Se_in_MET': [], 'removed_chains': {0: []}}
I0810 00:28:14.250479 47277326715008 amber_minimize.py:405] Minimizing protein, attempt 1 of 100.
I0810 00:28:15.535719 47277326715008 amber_minimize.py:69] Restraining 1838 / 3775 particles.
I0810 00:28:55.035684 47277326715008 amber_minimize.py:177] alterations info: {'nonstandard_residues': [], 'removed_heterogens': set(), 'missing_residues': {}, 'missing_heavy_atoms': {}, 'missing_terminals': {}, 'Se_in_MET': [], 'removed_chains': {0: []}}
I0810 00:29:19.352785 47277326715008 amber_minimize.py:491] Iteration completed: Einit 13039.18 Efinal 659.07 Time 36.49 s num residue violations 0 num residue exclusions 0 
I0810 00:29:26.350657 47277326715008 amber_minimize.py:177] alterations info: {'nonstandard_residues': [], 'removed_heterogens': set(), 'missing_residues': {}, 'missing_heavy_atoms': {}, 'missing_terminals': {<Residue 238 (LYS) of chain 0>: ['OXT']}, 'Se_in_MET': [], 'removed_chains': {0: []}}
I0810 00:29:27.439941 47277326715008 run_alphafold.py:149] Running model model_2
I0810 00:29:32.838388 47277326715008 model.py:132] Running predict with shape(feat) = {'aatype': (4, 239), 'residue_index': (4, 239), 'seq_length': (4,), 'template_aatype': (4, 4, 239), 'template_all_atom_masks': (4, 4, 239, 37), 'template_all_atom_positions': (4, 4, 239, 37, 3), 'template_sum_probs': (4, 4, 1), 'is_distillation': (4,), 'seq_mask': (4, 239), 'msa_mask': (4, 508, 239), 'msa_row_mask': (4, 508), 'random_crop_to_size_seed': (4, 2), 'template_mask': (4, 4), 'template_pseudo_beta': (4, 4, 239, 3), 'template_pseudo_beta_mask': (4, 4, 239), 'atom14_atom_exists': (4, 239, 14), 'residx_atom14_to_atom37': (4, 239, 14), 'residx_atom37_to_atom14': (4, 239, 37), 'atom37_atom_exists': (4, 239, 37), 'extra_msa': (4, 1024, 239), 'extra_msa_mask': (4, 1024, 239), 'extra_msa_row_mask': (4, 1024), 'bert_mask': (4, 508, 239), 'true_msa': (4, 508, 239), 'extra_has_deletion': (4, 1024, 239), 'extra_deletion_value': (4, 1024, 239), 'msa_feat': (4, 508, 239, 49), 'target_feat': (4, 239, 22)}
I0810 00:32:09.910041 47277326715008 model.py:140] Output shape was {'distogram': {'bin_edges': (63,), 'logits': (239, 239, 64)}, 'experimentally_resolved': {'logits': (239, 37)}, 'masked_msa': {'logits': (508, 239, 23)}, 'predicted_lddt': {'logits': (239, 50)}, 'structure_module': {'final_atom_mask': (239, 37), 'final_atom_positions': (239, 37, 3)}, 'plddt': (239,)}
I0810 00:32:09.910742 47277326715008 run_alphafold.py:159] Total JAX model model_2 predict time (includes compilation time, see --benchmark): 157?
I0810 00:32:18.463124 47277326715008 amber_minimize.py:177] alterations info: {'nonstandard_residues': [], 'removed_heterogens': set(), 'missing_residues': {}, 'missing_heavy_atoms': {}, 'missing_terminals': {<Residue 238 (LYS) of chain 0>: ['OXT']}, 'Se_in_MET': [], 'removed_chains': {0: []}}
I0810 00:32:18.710150 47277326715008 amber_minimize.py:405] Minimizing protein, attempt 1 of 100.
I0810 00:32:20.220345 47277326715008 amber_minimize.py:69] Restraining 1838 / 3775 particles.
I0810 00:33:05.658920 47277326715008 amber_minimize.py:177] alterations info: {'nonstandard_residues': [], 'removed_heterogens': set(), 'missing_residues': {}, 'missing_heavy_atoms': {}, 'missing_terminals': {}, 'Se_in_MET': [], 'removed_chains': {0: []}}
I0810 00:33:06.513747 47277326715008 amber_minimize.py:491] Iteration completed: Einit 12345.93 Efinal 795.93 Time 42.02 s num residue violations 0 num residue exclusions 0 
I0810 00:33:13.580211 47277326715008 amber_minimize.py:177] alterations info: {'nonstandard_residues': [], 'removed_heterogens': set(), 'missing_residues': {}, 'missing_heavy_atoms': {}, 'missing_terminals': {<Residue 238 (LYS) of chain 0>: ['OXT']}, 'Se_in_MET': [], 'removed_chains': {0: []}}
I0810 00:33:15.455696 47277326715008 run_alphafold.py:208] Final timings for A501_002: {'features': 0.7185587882995605, 'process_features_model_1': 37.3595769405365, 'predict_and_compile_model_1': 183.37006616592407, 'relax_model_1': 92.24672889709473, 'process_features_model_2': 5.393362283706665, 'predict_and_compile_model_2': 157.07441020011902, 'relax_model_2': 64.26624631881714}
