/lustre/home/acct-stu/stu/.conda/envs/alphafold_cuda10/lib/python3.8/site-packages/absl/flags/_validators.py:203: UserWarning: Flag --preset has a non-None default value; therefore, mark_flag_as_required will pass even if flag is not specified in the command line!
  warnings.warn(
I0810 00:20:44.488723 47611949664384 templates.py:837] Using precomputed obsolete pdbs /lustre/home/acct-stu/stu/parallelfold/data/pdb_mmcif/obsolete.dat.
I0810 00:20:44.790029 47611949664384 tpu_client.py:54] Starting the local TPU driver.
I0810 00:20:44.790500 47611949664384 xla_bridge.py:212] Unable to initialize backend 'tpu_driver': Not found: Unable to find driver in registry given worker: local://
I0810 00:20:45.954520 47611949664384 xla_bridge.py:212] Unable to initialize backend 'tpu': Invalid argument: TpuPlatform is not available.
I0810 00:20:48.565926 47611949664384 run_alphafold.py:267] Have 2 models: ['model_1', 'model_2']
I0810 00:20:48.566179 47611949664384 run_alphafold.py:280] Using random seed 7643439128953085001 for the data pipeline
I0810 00:20:49.396292 47611949664384 run_alphafold.py:149] Running model model_1
I0810 00:21:24.882965 47611949664384 model.py:132] Running predict with shape(feat) = {'aatype': (4, 247), 'residue_index': (4, 247), 'seq_length': (4,), 'template_aatype': (4, 4, 247), 'template_all_atom_masks': (4, 4, 247, 37), 'template_all_atom_positions': (4, 4, 247, 37, 3), 'template_sum_probs': (4, 4, 1), 'is_distillation': (4,), 'seq_mask': (4, 247), 'msa_mask': (4, 508, 247), 'msa_row_mask': (4, 508), 'random_crop_to_size_seed': (4, 2), 'template_mask': (4, 4), 'template_pseudo_beta': (4, 4, 247, 3), 'template_pseudo_beta_mask': (4, 4, 247), 'atom14_atom_exists': (4, 247, 14), 'residx_atom14_to_atom37': (4, 247, 14), 'residx_atom37_to_atom14': (4, 247, 37), 'atom37_atom_exists': (4, 247, 37), 'extra_msa': (4, 5120, 247), 'extra_msa_mask': (4, 5120, 247), 'extra_msa_row_mask': (4, 5120), 'bert_mask': (4, 508, 247), 'true_msa': (4, 508, 247), 'extra_has_deletion': (4, 5120, 247), 'extra_deletion_value': (4, 5120, 247), 'msa_feat': (4, 508, 247, 49), 'target_feat': (4, 247, 22)}
I0810 00:24:10.538174 47611949664384 model.py:140] Output shape was {'distogram': {'bin_edges': (63,), 'logits': (247, 247, 64)}, 'experimentally_resolved': {'logits': (247, 37)}, 'masked_msa': {'logits': (508, 247, 23)}, 'predicted_lddt': {'logits': (247, 50)}, 'structure_module': {'final_atom_mask': (247, 37), 'final_atom_positions': (247, 37, 3)}, 'plddt': (247,)}
I0810 00:24:10.539755 47611949664384 run_alphafold.py:159] Total JAX model model_1 predict time (includes compilation time, see --benchmark): 166?
I0810 00:24:26.896285 47611949664384 amber_minimize.py:177] alterations info: {'nonstandard_residues': [], 'removed_heterogens': set(), 'missing_residues': {}, 'missing_heavy_atoms': {}, 'missing_terminals': {<Residue 246 (GLU) of chain 0>: ['OXT']}, 'Se_in_MET': [], 'removed_chains': {0: []}}
I0810 00:24:27.178128 47611949664384 amber_minimize.py:405] Minimizing protein, attempt 1 of 100.
I0810 00:24:29.000527 47611949664384 amber_minimize.py:69] Restraining 1910 / 3942 particles.
I0810 00:25:19.617888 47611949664384 amber_minimize.py:177] alterations info: {'nonstandard_residues': [], 'removed_heterogens': set(), 'missing_residues': {}, 'missing_heavy_atoms': {}, 'missing_terminals': {}, 'Se_in_MET': [], 'removed_chains': {0: []}}
I0810 00:25:47.799442 47611949664384 amber_minimize.py:491] Iteration completed: Einit 8134.68 Efinal -4767.51 Time 48.68 s num residue violations 0 num residue exclusions 0 
I0810 00:25:54.719749 47611949664384 amber_minimize.py:177] alterations info: {'nonstandard_residues': [], 'removed_heterogens': set(), 'missing_residues': {}, 'missing_heavy_atoms': {}, 'missing_terminals': {<Residue 246 (GLU) of chain 0>: ['OXT']}, 'Se_in_MET': [], 'removed_chains': {0: []}}
I0810 00:25:56.126017 47611949664384 run_alphafold.py:149] Running model model_2
I0810 00:26:25.504642 47611949664384 model.py:132] Running predict with shape(feat) = {'aatype': (4, 247), 'residue_index': (4, 247), 'seq_length': (4,), 'template_aatype': (4, 4, 247), 'template_all_atom_masks': (4, 4, 247, 37), 'template_all_atom_positions': (4, 4, 247, 37, 3), 'template_sum_probs': (4, 4, 1), 'is_distillation': (4,), 'seq_mask': (4, 247), 'msa_mask': (4, 508, 247), 'msa_row_mask': (4, 508), 'random_crop_to_size_seed': (4, 2), 'template_mask': (4, 4), 'template_pseudo_beta': (4, 4, 247, 3), 'template_pseudo_beta_mask': (4, 4, 247), 'atom14_atom_exists': (4, 247, 14), 'residx_atom14_to_atom37': (4, 247, 14), 'residx_atom37_to_atom14': (4, 247, 37), 'atom37_atom_exists': (4, 247, 37), 'extra_msa': (4, 1024, 247), 'extra_msa_mask': (4, 1024, 247), 'extra_msa_row_mask': (4, 1024), 'bert_mask': (4, 508, 247), 'true_msa': (4, 508, 247), 'extra_has_deletion': (4, 1024, 247), 'extra_deletion_value': (4, 1024, 247), 'msa_feat': (4, 508, 247, 49), 'target_feat': (4, 247, 22)}
I0810 00:29:27.329126 47611949664384 model.py:140] Output shape was {'distogram': {'bin_edges': (63,), 'logits': (247, 247, 64)}, 'experimentally_resolved': {'logits': (247, 37)}, 'masked_msa': {'logits': (508, 247, 23)}, 'predicted_lddt': {'logits': (247, 50)}, 'structure_module': {'final_atom_mask': (247, 37), 'final_atom_positions': (247, 37, 3)}, 'plddt': (247,)}
I0810 00:29:27.402469 47611949664384 run_alphafold.py:159] Total JAX model model_2 predict time (includes compilation time, see --benchmark): 182?
I0810 00:29:34.526775 47611949664384 amber_minimize.py:177] alterations info: {'nonstandard_residues': [], 'removed_heterogens': set(), 'missing_residues': {}, 'missing_heavy_atoms': {}, 'missing_terminals': {<Residue 246 (GLU) of chain 0>: ['OXT']}, 'Se_in_MET': [], 'removed_chains': {0: []}}
I0810 00:29:35.963348 47611949664384 amber_minimize.py:405] Minimizing protein, attempt 1 of 100.
I0810 00:29:36.437610 47611949664384 amber_minimize.py:69] Restraining 1910 / 3942 particles.
I0810 00:30:23.505300 47611949664384 amber_minimize.py:177] alterations info: {'nonstandard_residues': [], 'removed_heterogens': set(), 'missing_residues': {}, 'missing_heavy_atoms': {}, 'missing_terminals': {}, 'Se_in_MET': [], 'removed_chains': {0: []}}
I0810 00:30:24.188959 47611949664384 amber_minimize.py:491] Iteration completed: Einit 8309.35 Efinal -4779.54 Time 45.29 s num residue violations 0 num residue exclusions 0 
I0810 00:30:30.078052 47611949664384 amber_minimize.py:177] alterations info: {'nonstandard_residues': [], 'removed_heterogens': set(), 'missing_residues': {}, 'missing_heavy_atoms': {}, 'missing_terminals': {<Residue 246 (GLU) of chain 0>: ['OXT']}, 'Se_in_MET': [], 'removed_chains': {0: []}}
I0810 00:30:30.672674 47611949664384 run_alphafold.py:208] Final timings for A501_005: {'features': 0.8283040523529053, 'process_features_model_1': 35.48544669151306, 'predict_and_compile_model_1': 165.65776801109314, 'relax_model_1': 102.91966891288757, 'process_features_model_2': 29.37604832649231, 'predict_and_compile_model_2': 181.90010499954224, 'relax_model_2': 62.329630851745605}
