/lustre/home/acct-stu/stu/.conda/envs/alphafold_cuda10/lib/python3.8/site-packages/absl/flags/_validators.py:203: UserWarning: Flag --preset has a non-None default value; therefore, mark_flag_as_required will pass even if flag is not specified in the command line!
  warnings.warn(
I0811 22:43:26.674849 47022117746816 templates.py:837] Using precomputed obsolete pdbs /lustre/home/acct-stu/stu/parallelfold/data/pdb_mmcif/obsolete.dat.
I0811 22:43:26.982994 47022117746816 tpu_client.py:54] Starting the local TPU driver.
I0811 22:43:26.983500 47022117746816 xla_bridge.py:212] Unable to initialize backend 'tpu_driver': Not found: Unable to find driver in registry given worker: local://
I0811 22:43:27.341702 47022117746816 xla_bridge.py:212] Unable to initialize backend 'tpu': Invalid argument: TpuPlatform is not available.
I0811 22:43:29.656718 47022117746816 run_alphafold.py:267] Have 2 models: ['model_1', 'model_2']
I0811 22:43:29.656965 47022117746816 run_alphafold.py:280] Using random seed 1604087025415743701 for the data pipeline
I0811 22:43:29.831732 47022117746816 run_alphafold.py:149] Running model model_1
I0811 22:43:34.961659 47022117746816 model.py:132] Running predict with shape(feat) = {'aatype': (4, 360), 'residue_index': (4, 360), 'seq_length': (4,), 'template_aatype': (4, 4, 360), 'template_all_atom_masks': (4, 4, 360, 37), 'template_all_atom_positions': (4, 4, 360, 37, 3), 'template_sum_probs': (4, 4, 1), 'is_distillation': (4,), 'seq_mask': (4, 360), 'msa_mask': (4, 508, 360), 'msa_row_mask': (4, 508), 'random_crop_to_size_seed': (4, 2), 'template_mask': (4, 4), 'template_pseudo_beta': (4, 4, 360, 3), 'template_pseudo_beta_mask': (4, 4, 360), 'atom14_atom_exists': (4, 360, 14), 'residx_atom14_to_atom37': (4, 360, 14), 'residx_atom37_to_atom14': (4, 360, 37), 'atom37_atom_exists': (4, 360, 37), 'extra_msa': (4, 5120, 360), 'extra_msa_mask': (4, 5120, 360), 'extra_msa_row_mask': (4, 5120), 'bert_mask': (4, 508, 360), 'true_msa': (4, 508, 360), 'extra_has_deletion': (4, 5120, 360), 'extra_deletion_value': (4, 5120, 360), 'msa_feat': (4, 508, 360, 49), 'target_feat': (4, 360, 22)}
I0811 22:46:44.508394 47022117746816 model.py:140] Output shape was {'distogram': {'bin_edges': (63,), 'logits': (360, 360, 64)}, 'experimentally_resolved': {'logits': (360, 37)}, 'masked_msa': {'logits': (508, 360, 23)}, 'predicted_lddt': {'logits': (360, 50)}, 'structure_module': {'final_atom_mask': (360, 37), 'final_atom_positions': (360, 37, 3)}, 'plddt': (360,)}
I0811 22:46:44.509008 47022117746816 run_alphafold.py:159] Total JAX model model_1 predict time (includes compilation time, see --benchmark): 190?
I0811 22:46:56.023451 47022117746816 amber_minimize.py:177] alterations info: {'nonstandard_residues': [], 'removed_heterogens': set(), 'missing_residues': {}, 'missing_heavy_atoms': {}, 'missing_terminals': {<Residue 359 (LEU) of chain 0>: ['OXT']}, 'Se_in_MET': [], 'removed_chains': {0: []}}
I0811 22:46:56.377049 47022117746816 amber_minimize.py:405] Minimizing protein, attempt 1 of 100.
I0811 22:46:57.342787 47022117746816 amber_minimize.py:69] Restraining 2720 / 5661 particles.
I0811 22:48:23.190231 47022117746816 amber_minimize.py:177] alterations info: {'nonstandard_residues': [], 'removed_heterogens': set(), 'missing_residues': {}, 'missing_heavy_atoms': {}, 'missing_terminals': {}, 'Se_in_MET': [], 'removed_chains': {0: []}}
I0811 22:48:50.015093 47022117746816 amber_minimize.py:491] Iteration completed: Einit 69103281.21 Efinal -5273.49 Time 82.87 s num residue violations 0 num residue exclusions 0 
I0811 22:48:54.840279 47022117746816 amber_minimize.py:177] alterations info: {'nonstandard_residues': [], 'removed_heterogens': set(), 'missing_residues': {}, 'missing_heavy_atoms': {}, 'missing_terminals': {<Residue 359 (LEU) of chain 0>: ['OXT']}, 'Se_in_MET': [], 'removed_chains': {0: []}}
I0811 22:48:56.095252 47022117746816 run_alphafold.py:149] Running model model_2
I0811 22:48:59.275259 47022117746816 model.py:132] Running predict with shape(feat) = {'aatype': (4, 360), 'residue_index': (4, 360), 'seq_length': (4,), 'template_aatype': (4, 4, 360), 'template_all_atom_masks': (4, 4, 360, 37), 'template_all_atom_positions': (4, 4, 360, 37, 3), 'template_sum_probs': (4, 4, 1), 'is_distillation': (4,), 'seq_mask': (4, 360), 'msa_mask': (4, 508, 360), 'msa_row_mask': (4, 508), 'random_crop_to_size_seed': (4, 2), 'template_mask': (4, 4), 'template_pseudo_beta': (4, 4, 360, 3), 'template_pseudo_beta_mask': (4, 4, 360), 'atom14_atom_exists': (4, 360, 14), 'residx_atom14_to_atom37': (4, 360, 14), 'residx_atom37_to_atom14': (4, 360, 37), 'atom37_atom_exists': (4, 360, 37), 'extra_msa': (4, 1024, 360), 'extra_msa_mask': (4, 1024, 360), 'extra_msa_row_mask': (4, 1024), 'bert_mask': (4, 508, 360), 'true_msa': (4, 508, 360), 'extra_has_deletion': (4, 1024, 360), 'extra_deletion_value': (4, 1024, 360), 'msa_feat': (4, 508, 360, 49), 'target_feat': (4, 360, 22)}
I0811 22:52:00.212643 47022117746816 model.py:140] Output shape was {'distogram': {'bin_edges': (63,), 'logits': (360, 360, 64)}, 'experimentally_resolved': {'logits': (360, 37)}, 'masked_msa': {'logits': (508, 360, 23)}, 'predicted_lddt': {'logits': (360, 50)}, 'structure_module': {'final_atom_mask': (360, 37), 'final_atom_positions': (360, 37, 3)}, 'plddt': (360,)}
I0811 22:52:00.213404 47022117746816 run_alphafold.py:159] Total JAX model model_2 predict time (includes compilation time, see --benchmark): 181?
I0811 22:52:06.427557 47022117746816 amber_minimize.py:177] alterations info: {'nonstandard_residues': [], 'removed_heterogens': set(), 'missing_residues': {}, 'missing_heavy_atoms': {}, 'missing_terminals': {<Residue 359 (LEU) of chain 0>: ['OXT']}, 'Se_in_MET': [], 'removed_chains': {0: []}}
I0811 22:52:06.775336 47022117746816 amber_minimize.py:405] Minimizing protein, attempt 1 of 100.
I0811 22:52:08.113283 47022117746816 amber_minimize.py:69] Restraining 2720 / 5661 particles.
I0811 22:53:43.588061 47022117746816 amber_minimize.py:177] alterations info: {'nonstandard_residues': [], 'removed_heterogens': set(), 'missing_residues': {}, 'missing_heavy_atoms': {}, 'missing_terminals': {}, 'Se_in_MET': [], 'removed_chains': {0: []}}
I0811 22:53:45.633536 47022117746816 amber_minimize.py:491] Iteration completed: Einit 8635.34 Efinal -5347.25 Time 94.61 s num residue violations 0 num residue exclusions 0 
I0811 22:53:49.425064 47022117746816 amber_minimize.py:177] alterations info: {'nonstandard_residues': [], 'removed_heterogens': set(), 'missing_residues': {}, 'missing_heavy_atoms': {}, 'missing_terminals': {<Residue 359 (LEU) of chain 0>: ['OXT']}, 'Se_in_MET': [], 'removed_chains': {0: []}}
I0811 22:53:50.930845 47022117746816 run_alphafold.py:208] Final timings for 3DAC_007: {'features': 0.17340588569641113, 'process_features_model_1': 5.1294355392456055, 'predict_and_compile_model_1': 189.54763221740723, 'relax_model_1': 129.13060688972473, 'process_features_model_2': 3.177438974380493, 'predict_and_compile_model_2': 180.9405016899109, 'relax_model_2': 109.59243750572205}
