/lustre/home/acct-stu/stu/.conda/envs/alphafold_cuda10/lib/python3.8/site-packages/absl/flags/_validators.py:203: UserWarning: Flag --preset has a non-None default value; therefore, mark_flag_as_required will pass even if flag is not specified in the command line!
  warnings.warn(
I0810 00:25:24.874326 47920889014400 templates.py:837] Using precomputed obsolete pdbs /lustre/home/acct-stu/stu/parallelfold/data/pdb_mmcif/obsolete.dat.
I0810 00:25:26.422123 47920889014400 tpu_client.py:54] Starting the local TPU driver.
I0810 00:25:26.651286 47920889014400 xla_bridge.py:212] Unable to initialize backend 'tpu_driver': Not found: Unable to find driver in registry given worker: local://
I0810 00:25:28.146105 47920889014400 xla_bridge.py:212] Unable to initialize backend 'tpu': Invalid argument: TpuPlatform is not available.
I0810 00:25:31.876426 47920889014400 run_alphafold.py:267] Have 2 models: ['model_1', 'model_2']
I0810 00:25:31.876780 47920889014400 run_alphafold.py:280] Using random seed 9085582051790459335 for the data pipeline
I0810 00:25:32.107909 47920889014400 run_alphafold.py:149] Running model model_1
I0810 00:26:41.002069 47920889014400 model.py:132] Running predict with shape(feat) = {'aatype': (4, 138), 'residue_index': (4, 138), 'seq_length': (4,), 'template_aatype': (4, 4, 138), 'template_all_atom_masks': (4, 4, 138, 37), 'template_all_atom_positions': (4, 4, 138, 37, 3), 'template_sum_probs': (4, 4, 1), 'is_distillation': (4,), 'seq_mask': (4, 138), 'msa_mask': (4, 508, 138), 'msa_row_mask': (4, 508), 'random_crop_to_size_seed': (4, 2), 'template_mask': (4, 4), 'template_pseudo_beta': (4, 4, 138, 3), 'template_pseudo_beta_mask': (4, 4, 138), 'atom14_atom_exists': (4, 138, 14), 'residx_atom14_to_atom37': (4, 138, 14), 'residx_atom37_to_atom14': (4, 138, 37), 'atom37_atom_exists': (4, 138, 37), 'extra_msa': (4, 5120, 138), 'extra_msa_mask': (4, 5120, 138), 'extra_msa_row_mask': (4, 5120), 'bert_mask': (4, 508, 138), 'true_msa': (4, 508, 138), 'extra_has_deletion': (4, 5120, 138), 'extra_deletion_value': (4, 5120, 138), 'msa_feat': (4, 508, 138, 49), 'target_feat': (4, 138, 22)}
I0810 00:30:56.304361 47920889014400 model.py:140] Output shape was {'distogram': {'bin_edges': (63,), 'logits': (138, 138, 64)}, 'experimentally_resolved': {'logits': (138, 37)}, 'masked_msa': {'logits': (508, 138, 23)}, 'predicted_lddt': {'logits': (138, 50)}, 'structure_module': {'final_atom_mask': (138, 37), 'final_atom_positions': (138, 37, 3)}, 'plddt': (138,)}
I0810 00:30:56.361530 47920889014400 run_alphafold.py:159] Total JAX model model_1 predict time (includes compilation time, see --benchmark): 255?
I0810 00:31:43.844588 47920889014400 amber_minimize.py:177] alterations info: {'nonstandard_residues': [], 'removed_heterogens': set(), 'missing_residues': {}, 'missing_heavy_atoms': {}, 'missing_terminals': {<Residue 137 (VAL) of chain 0>: ['OXT']}, 'Se_in_MET': [], 'removed_chains': {0: []}}
I0810 00:31:44.018816 47920889014400 amber_minimize.py:405] Minimizing protein, attempt 1 of 100.
I0810 00:31:46.793275 47920889014400 amber_minimize.py:69] Restraining 1108 / 2234 particles.
I0810 00:32:05.669869 47920889014400 amber_minimize.py:177] alterations info: {'nonstandard_residues': [], 'removed_heterogens': set(), 'missing_residues': {}, 'missing_heavy_atoms': {}, 'missing_terminals': {}, 'Se_in_MET': [], 'removed_chains': {0: []}}
I0810 00:33:33.752355 47920889014400 amber_minimize.py:491] Iteration completed: Einit 7334.63 Efinal -2298.63 Time 18.07 s num residue violations 0 num residue exclusions 0 
I0810 00:33:43.023911 47920889014400 amber_minimize.py:177] alterations info: {'nonstandard_residues': [], 'removed_heterogens': set(), 'missing_residues': {}, 'missing_heavy_atoms': {}, 'missing_terminals': {<Residue 137 (VAL) of chain 0>: ['OXT']}, 'Se_in_MET': [], 'removed_chains': {0: []}}
I0810 00:33:43.547660 47920889014400 run_alphafold.py:149] Running model model_2
I0810 00:34:30.641479 47920889014400 model.py:132] Running predict with shape(feat) = {'aatype': (4, 138), 'residue_index': (4, 138), 'seq_length': (4,), 'template_aatype': (4, 4, 138), 'template_all_atom_masks': (4, 4, 138, 37), 'template_all_atom_positions': (4, 4, 138, 37, 3), 'template_sum_probs': (4, 4, 1), 'is_distillation': (4,), 'seq_mask': (4, 138), 'msa_mask': (4, 508, 138), 'msa_row_mask': (4, 508), 'random_crop_to_size_seed': (4, 2), 'template_mask': (4, 4), 'template_pseudo_beta': (4, 4, 138, 3), 'template_pseudo_beta_mask': (4, 4, 138), 'atom14_atom_exists': (4, 138, 14), 'residx_atom14_to_atom37': (4, 138, 14), 'residx_atom37_to_atom14': (4, 138, 37), 'atom37_atom_exists': (4, 138, 37), 'extra_msa': (4, 1024, 138), 'extra_msa_mask': (4, 1024, 138), 'extra_msa_row_mask': (4, 1024), 'bert_mask': (4, 508, 138), 'true_msa': (4, 508, 138), 'extra_has_deletion': (4, 1024, 138), 'extra_deletion_value': (4, 1024, 138), 'msa_feat': (4, 508, 138, 49), 'target_feat': (4, 138, 22)}
I0810 00:37:17.602177 47920889014400 model.py:140] Output shape was {'distogram': {'bin_edges': (63,), 'logits': (138, 138, 64)}, 'experimentally_resolved': {'logits': (138, 37)}, 'masked_msa': {'logits': (508, 138, 23)}, 'predicted_lddt': {'logits': (138, 50)}, 'structure_module': {'final_atom_mask': (138, 37), 'final_atom_positions': (138, 37, 3)}, 'plddt': (138,)}
I0810 00:37:17.603022 47920889014400 run_alphafold.py:159] Total JAX model model_2 predict time (includes compilation time, see --benchmark): 167?
I0810 00:37:25.733397 47920889014400 amber_minimize.py:177] alterations info: {'nonstandard_residues': [], 'removed_heterogens': set(), 'missing_residues': {}, 'missing_heavy_atoms': {}, 'missing_terminals': {<Residue 137 (VAL) of chain 0>: ['OXT']}, 'Se_in_MET': [], 'removed_chains': {0: []}}
I0810 00:37:25.899032 47920889014400 amber_minimize.py:405] Minimizing protein, attempt 1 of 100.
I0810 00:37:26.226706 47920889014400 amber_minimize.py:69] Restraining 1108 / 2234 particles.
I0810 00:37:41.680707 47920889014400 amber_minimize.py:177] alterations info: {'nonstandard_residues': [], 'removed_heterogens': set(), 'missing_residues': {}, 'missing_heavy_atoms': {}, 'missing_terminals': {}, 'Se_in_MET': [], 'removed_chains': {0: []}}
I0810 00:37:43.353403 47920889014400 amber_minimize.py:491] Iteration completed: Einit 3115.58 Efinal -2352.47 Time 12.65 s num residue violations 0 num residue exclusions 0 
I0810 00:37:50.221974 47920889014400 amber_minimize.py:177] alterations info: {'nonstandard_residues': [], 'removed_heterogens': set(), 'missing_residues': {}, 'missing_heavy_atoms': {}, 'missing_terminals': {<Residue 137 (VAL) of chain 0>: ['OXT']}, 'Se_in_MET': [], 'removed_chains': {0: []}}
I0810 00:37:50.825052 47920889014400 run_alphafold.py:208] Final timings for A501_003: {'features': 0.19566082954406738, 'process_features_model_1': 68.89364051818848, 'predict_and_compile_model_1': 255.35973000526428, 'relax_model_1': 164.30099654197693, 'process_features_model_2': 47.09061551094055, 'predict_and_compile_model_2': 166.96446919441223, 'relax_model_2': 32.05487942695618}
