/lustre/home/acct-stu/stu/.conda/envs/alphafold_cuda10/lib/python3.8/site-packages/absl/flags/_validators.py:203: UserWarning: Flag --preset has a non-None default value; therefore, mark_flag_as_required will pass even if flag is not specified in the command line!
  warnings.warn(
I0811 22:41:06.477746 47002614487168 templates.py:837] Using precomputed obsolete pdbs /lustre/home/acct-stu/stu/parallelfold/data/pdb_mmcif/obsolete.dat.
I0811 22:41:06.773140 47002614487168 tpu_client.py:54] Starting the local TPU driver.
I0811 22:41:06.773638 47002614487168 xla_bridge.py:212] Unable to initialize backend 'tpu_driver': Not found: Unable to find driver in registry given worker: local://
I0811 22:41:07.155525 47002614487168 xla_bridge.py:212] Unable to initialize backend 'tpu': Invalid argument: TpuPlatform is not available.
I0811 22:41:09.616673 47002614487168 run_alphafold.py:267] Have 2 models: ['model_1', 'model_2']
I0811 22:41:09.616951 47002614487168 run_alphafold.py:280] Using random seed 4027160165139971066 for the data pipeline
I0811 22:41:10.099489 47002614487168 run_alphafold.py:149] Running model model_1
I0811 22:41:30.966381 47002614487168 model.py:132] Running predict with shape(feat) = {'aatype': (4, 409), 'residue_index': (4, 409), 'seq_length': (4,), 'template_aatype': (4, 4, 409), 'template_all_atom_masks': (4, 4, 409, 37), 'template_all_atom_positions': (4, 4, 409, 37, 3), 'template_sum_probs': (4, 4, 1), 'is_distillation': (4,), 'seq_mask': (4, 409), 'msa_mask': (4, 508, 409), 'msa_row_mask': (4, 508), 'random_crop_to_size_seed': (4, 2), 'template_mask': (4, 4), 'template_pseudo_beta': (4, 4, 409, 3), 'template_pseudo_beta_mask': (4, 4, 409), 'atom14_atom_exists': (4, 409, 14), 'residx_atom14_to_atom37': (4, 409, 14), 'residx_atom37_to_atom14': (4, 409, 37), 'atom37_atom_exists': (4, 409, 37), 'extra_msa': (4, 5120, 409), 'extra_msa_mask': (4, 5120, 409), 'extra_msa_row_mask': (4, 5120), 'bert_mask': (4, 508, 409), 'true_msa': (4, 508, 409), 'extra_has_deletion': (4, 5120, 409), 'extra_deletion_value': (4, 5120, 409), 'msa_feat': (4, 508, 409, 49), 'target_feat': (4, 409, 22)}
I0811 22:44:55.350045 47002614487168 model.py:140] Output shape was {'distogram': {'bin_edges': (63,), 'logits': (409, 409, 64)}, 'experimentally_resolved': {'logits': (409, 37)}, 'masked_msa': {'logits': (508, 409, 23)}, 'predicted_lddt': {'logits': (409, 50)}, 'structure_module': {'final_atom_mask': (409, 37), 'final_atom_positions': (409, 37, 3)}, 'plddt': (409,)}
I0811 22:44:55.350693 47002614487168 run_alphafold.py:159] Total JAX model model_1 predict time (includes compilation time, see --benchmark): 204?
I0811 22:45:07.201497 47002614487168 amber_minimize.py:177] alterations info: {'nonstandard_residues': [], 'removed_heterogens': set(), 'missing_residues': {}, 'missing_heavy_atoms': {}, 'missing_terminals': {<Residue 408 (GLU) of chain 0>: ['OXT']}, 'Se_in_MET': [], 'removed_chains': {0: []}}
I0811 22:45:08.152724 47002614487168 amber_minimize.py:405] Minimizing protein, attempt 1 of 100.
I0811 22:45:08.782789 47002614487168 amber_minimize.py:69] Restraining 3046 / 6295 particles.
I0811 22:46:58.460934 47002614487168 amber_minimize.py:177] alterations info: {'nonstandard_residues': [], 'removed_heterogens': set(), 'missing_residues': {}, 'missing_heavy_atoms': {}, 'missing_terminals': {}, 'Se_in_MET': [], 'removed_chains': {0: []}}
I0811 22:47:22.696043 47002614487168 amber_minimize.py:491] Iteration completed: Einit 15116.56 Efinal -6450.47 Time 106.97 s num residue violations 0 num residue exclusions 0 
I0811 22:47:27.644336 47002614487168 amber_minimize.py:177] alterations info: {'nonstandard_residues': [], 'removed_heterogens': set(), 'missing_residues': {}, 'missing_heavy_atoms': {}, 'missing_terminals': {<Residue 408 (GLU) of chain 0>: ['OXT']}, 'Se_in_MET': [], 'removed_chains': {0: []}}
I0811 22:47:28.968244 47002614487168 run_alphafold.py:149] Running model model_2
I0811 22:47:47.296374 47002614487168 model.py:132] Running predict with shape(feat) = {'aatype': (4, 409), 'residue_index': (4, 409), 'seq_length': (4,), 'template_aatype': (4, 4, 409), 'template_all_atom_masks': (4, 4, 409, 37), 'template_all_atom_positions': (4, 4, 409, 37, 3), 'template_sum_probs': (4, 4, 1), 'is_distillation': (4,), 'seq_mask': (4, 409), 'msa_mask': (4, 508, 409), 'msa_row_mask': (4, 508), 'random_crop_to_size_seed': (4, 2), 'template_mask': (4, 4), 'template_pseudo_beta': (4, 4, 409, 3), 'template_pseudo_beta_mask': (4, 4, 409), 'atom14_atom_exists': (4, 409, 14), 'residx_atom14_to_atom37': (4, 409, 14), 'residx_atom37_to_atom14': (4, 409, 37), 'atom37_atom_exists': (4, 409, 37), 'extra_msa': (4, 1024, 409), 'extra_msa_mask': (4, 1024, 409), 'extra_msa_row_mask': (4, 1024), 'bert_mask': (4, 508, 409), 'true_msa': (4, 508, 409), 'extra_has_deletion': (4, 1024, 409), 'extra_deletion_value': (4, 1024, 409), 'msa_feat': (4, 508, 409, 49), 'target_feat': (4, 409, 22)}
I0811 22:50:51.333112 47002614487168 model.py:140] Output shape was {'distogram': {'bin_edges': (63,), 'logits': (409, 409, 64)}, 'experimentally_resolved': {'logits': (409, 37)}, 'masked_msa': {'logits': (508, 409, 23)}, 'predicted_lddt': {'logits': (409, 50)}, 'structure_module': {'final_atom_mask': (409, 37), 'final_atom_positions': (409, 37, 3)}, 'plddt': (409,)}
I0811 22:50:51.333925 47002614487168 run_alphafold.py:159] Total JAX model model_2 predict time (includes compilation time, see --benchmark): 184?
I0811 22:50:57.020623 47002614487168 amber_minimize.py:177] alterations info: {'nonstandard_residues': [], 'removed_heterogens': set(), 'missing_residues': {}, 'missing_heavy_atoms': {}, 'missing_terminals': {<Residue 408 (GLU) of chain 0>: ['OXT']}, 'Se_in_MET': [], 'removed_chains': {0: []}}
I0811 22:50:58.472601 47002614487168 amber_minimize.py:405] Minimizing protein, attempt 1 of 100.
I0811 22:50:59.112067 47002614487168 amber_minimize.py:69] Restraining 3046 / 6295 particles.
I0811 22:52:57.178737 47002614487168 amber_minimize.py:177] alterations info: {'nonstandard_residues': [], 'removed_heterogens': set(), 'missing_residues': {}, 'missing_heavy_atoms': {}, 'missing_terminals': {}, 'Se_in_MET': [], 'removed_chains': {0: []}}
I0811 22:52:59.820915 47002614487168 amber_minimize.py:491] Iteration completed: Einit 11534.69 Efinal -6738.77 Time 116.29 s num residue violations 0 num residue exclusions 0 
I0811 22:53:16.260214 47002614487168 amber_minimize.py:177] alterations info: {'nonstandard_residues': [], 'removed_heterogens': set(), 'missing_residues': {}, 'missing_heavy_atoms': {}, 'missing_terminals': {<Residue 408 (GLU) of chain 0>: ['OXT']}, 'Se_in_MET': [], 'removed_chains': {0: []}}
I0811 22:53:20.023173 47002614487168 run_alphafold.py:208] Final timings for 3DAC_001: {'features': 0.4813058376312256, 'process_features_model_1': 20.86556053161621, 'predict_and_compile_model_1': 204.3854022026062, 'relax_model_1': 150.95261120796204, 'process_features_model_2': 18.32620644569397, 'predict_and_compile_model_2': 184.03927087783813, 'relax_model_2': 145.39843583106995}
