/lustre/home/acct-stu/stu/.conda/envs/alphafold_cuda10/lib/python3.8/site-packages/absl/flags/_validators.py:203: UserWarning: Flag --preset has a non-None default value; therefore, mark_flag_as_required will pass even if flag is not specified in the command line!
  warnings.warn(
I0810 00:20:44.229455 47751688263808 templates.py:837] Using precomputed obsolete pdbs /lustre/home/acct-stu/stu/parallelfold/data/pdb_mmcif/obsolete.dat.
I0810 00:20:44.557361 47751688263808 tpu_client.py:54] Starting the local TPU driver.
I0810 00:20:44.557824 47751688263808 xla_bridge.py:212] Unable to initialize backend 'tpu_driver': Not found: Unable to find driver in registry given worker: local://
I0810 00:20:45.878669 47751688263808 xla_bridge.py:212] Unable to initialize backend 'tpu': Invalid argument: TpuPlatform is not available.
I0810 00:20:48.566717 47751688263808 run_alphafold.py:267] Have 2 models: ['model_1', 'model_2']
I0810 00:20:48.566950 47751688263808 run_alphafold.py:280] Using random seed 7094002109386365053 for the data pipeline
I0810 00:20:48.906330 47751688263808 run_alphafold.py:149] Running model model_1
I0810 00:21:14.797654 47751688263808 model.py:132] Running predict with shape(feat) = {'aatype': (4, 421), 'residue_index': (4, 421), 'seq_length': (4,), 'template_aatype': (4, 4, 421), 'template_all_atom_masks': (4, 4, 421, 37), 'template_all_atom_positions': (4, 4, 421, 37, 3), 'template_sum_probs': (4, 4, 1), 'is_distillation': (4,), 'seq_mask': (4, 421), 'msa_mask': (4, 508, 421), 'msa_row_mask': (4, 508), 'random_crop_to_size_seed': (4, 2), 'template_mask': (4, 4), 'template_pseudo_beta': (4, 4, 421, 3), 'template_pseudo_beta_mask': (4, 4, 421), 'atom14_atom_exists': (4, 421, 14), 'residx_atom14_to_atom37': (4, 421, 14), 'residx_atom37_to_atom14': (4, 421, 37), 'atom37_atom_exists': (4, 421, 37), 'extra_msa': (4, 5120, 421), 'extra_msa_mask': (4, 5120, 421), 'extra_msa_row_mask': (4, 5120), 'bert_mask': (4, 508, 421), 'true_msa': (4, 508, 421), 'extra_has_deletion': (4, 5120, 421), 'extra_deletion_value': (4, 5120, 421), 'msa_feat': (4, 508, 421, 49), 'target_feat': (4, 421, 22)}
I0810 00:24:41.770306 47751688263808 model.py:140] Output shape was {'distogram': {'bin_edges': (63,), 'logits': (421, 421, 64)}, 'experimentally_resolved': {'logits': (421, 37)}, 'masked_msa': {'logits': (508, 421, 23)}, 'predicted_lddt': {'logits': (421, 50)}, 'structure_module': {'final_atom_mask': (421, 37), 'final_atom_positions': (421, 37, 3)}, 'plddt': (421,)}
I0810 00:24:41.772391 47751688263808 run_alphafold.py:159] Total JAX model model_1 predict time (includes compilation time, see --benchmark): 207?
I0810 00:24:57.867454 47751688263808 amber_minimize.py:177] alterations info: {'nonstandard_residues': [], 'removed_heterogens': set(), 'missing_residues': {}, 'missing_heavy_atoms': {}, 'missing_terminals': {<Residue 420 (THR) of chain 0>: ['OXT']}, 'Se_in_MET': [], 'removed_chains': {0: []}}
I0810 00:24:58.987263 47751688263808 amber_minimize.py:405] Minimizing protein, attempt 1 of 100.
I0810 00:24:59.671359 47751688263808 amber_minimize.py:69] Restraining 3305 / 6656 particles.
I0810 00:27:03.290800 47751688263808 amber_minimize.py:177] alterations info: {'nonstandard_residues': [], 'removed_heterogens': set(), 'missing_residues': {}, 'missing_heavy_atoms': {}, 'missing_terminals': {}, 'Se_in_MET': [], 'removed_chains': {0: []}}
I0810 00:27:32.602361 47751688263808 amber_minimize.py:491] Iteration completed: Einit 2032573.51 Efinal -11291.02 Time 118.31 s num residue violations 0 num residue exclusions 0 
I0810 00:27:39.673147 47751688263808 amber_minimize.py:177] alterations info: {'nonstandard_residues': [], 'removed_heterogens': set(), 'missing_residues': {}, 'missing_heavy_atoms': {}, 'missing_terminals': {<Residue 420 (THR) of chain 0>: ['OXT']}, 'Se_in_MET': [], 'removed_chains': {0: []}}
I0810 00:27:41.810257 47751688263808 run_alphafold.py:149] Running model model_2
I0810 00:27:56.172966 47751688263808 model.py:132] Running predict with shape(feat) = {'aatype': (4, 421), 'residue_index': (4, 421), 'seq_length': (4,), 'template_aatype': (4, 4, 421), 'template_all_atom_masks': (4, 4, 421, 37), 'template_all_atom_positions': (4, 4, 421, 37, 3), 'template_sum_probs': (4, 4, 1), 'is_distillation': (4,), 'seq_mask': (4, 421), 'msa_mask': (4, 508, 421), 'msa_row_mask': (4, 508), 'random_crop_to_size_seed': (4, 2), 'template_mask': (4, 4), 'template_pseudo_beta': (4, 4, 421, 3), 'template_pseudo_beta_mask': (4, 4, 421), 'atom14_atom_exists': (4, 421, 14), 'residx_atom14_to_atom37': (4, 421, 14), 'residx_atom37_to_atom14': (4, 421, 37), 'atom37_atom_exists': (4, 421, 37), 'extra_msa': (4, 1024, 421), 'extra_msa_mask': (4, 1024, 421), 'extra_msa_row_mask': (4, 1024), 'bert_mask': (4, 508, 421), 'true_msa': (4, 508, 421), 'extra_has_deletion': (4, 1024, 421), 'extra_deletion_value': (4, 1024, 421), 'msa_feat': (4, 508, 421, 49), 'target_feat': (4, 421, 22)}
I0810 00:31:19.586852 47751688263808 model.py:140] Output shape was {'distogram': {'bin_edges': (63,), 'logits': (421, 421, 64)}, 'experimentally_resolved': {'logits': (421, 37)}, 'masked_msa': {'logits': (508, 421, 23)}, 'predicted_lddt': {'logits': (421, 50)}, 'structure_module': {'final_atom_mask': (421, 37), 'final_atom_positions': (421, 37, 3)}, 'plddt': (421,)}
I0810 00:31:19.587660 47751688263808 run_alphafold.py:159] Total JAX model model_2 predict time (includes compilation time, see --benchmark): 203?
I0810 00:31:28.111185 47751688263808 amber_minimize.py:177] alterations info: {'nonstandard_residues': [], 'removed_heterogens': set(), 'missing_residues': {}, 'missing_heavy_atoms': {}, 'missing_terminals': {<Residue 420 (THR) of chain 0>: ['OXT']}, 'Se_in_MET': [], 'removed_chains': {0: []}}
I0810 00:31:29.506242 47751688263808 amber_minimize.py:405] Minimizing protein, attempt 1 of 100.
I0810 00:31:30.125196 47751688263808 amber_minimize.py:69] Restraining 3305 / 6656 particles.
I0810 00:33:32.558319 47751688263808 amber_minimize.py:177] alterations info: {'nonstandard_residues': [], 'removed_heterogens': set(), 'missing_residues': {}, 'missing_heavy_atoms': {}, 'missing_terminals': {}, 'Se_in_MET': [], 'removed_chains': {0: []}}
I0810 00:33:34.064744 47751688263808 amber_minimize.py:491] Iteration completed: Einit 11606.43 Efinal -11272.71 Time 118.14 s num residue violations 0 num residue exclusions 0 
I0810 00:33:41.148549 47751688263808 amber_minimize.py:177] alterations info: {'nonstandard_residues': [], 'removed_heterogens': set(), 'missing_residues': {}, 'missing_heavy_atoms': {}, 'missing_terminals': {<Residue 420 (THR) of chain 0>: ['OXT']}, 'Se_in_MET': [], 'removed_chains': {0: []}}
I0810 00:33:41.972398 47751688263808 run_alphafold.py:208] Final timings for A501_004: {'features': 0.3375115394592285, 'process_features_model_1': 25.89013433456421, 'predict_and_compile_model_1': 206.97569823265076, 'relax_model_1': 176.67770838737488, 'process_features_model_2': 14.359726428985596, 'predict_and_compile_model_2': 203.4172978401184, 'relax_model_2': 140.5205521583557}
