/lustre/home/acct-stu/stu/.conda/envs/alphafold_cuda10/lib/python3.8/site-packages/absl/flags/_validators.py:203: UserWarning: Flag --preset has a non-None default value; therefore, mark_flag_as_required will pass even if flag is not specified in the command line!
  warnings.warn(
I0811 22:41:46.511931 47869811058816 templates.py:837] Using precomputed obsolete pdbs /lustre/home/acct-stu/stu/parallelfold/data/pdb_mmcif/obsolete.dat.
I0811 22:41:46.785725 47869811058816 tpu_client.py:54] Starting the local TPU driver.
I0811 22:41:46.786074 47869811058816 xla_bridge.py:212] Unable to initialize backend 'tpu_driver': Not found: Unable to find driver in registry given worker: local://
I0811 22:41:47.337039 47869811058816 xla_bridge.py:212] Unable to initialize backend 'tpu': Invalid argument: TpuPlatform is not available.
I0811 22:41:49.904828 47869811058816 run_alphafold.py:267] Have 2 models: ['model_1', 'model_2']
I0811 22:41:49.905147 47869811058816 run_alphafold.py:280] Using random seed 8121210615606603653 for the data pipeline
I0811 22:41:50.045823 47869811058816 run_alphafold.py:149] Running model model_1
I0811 22:41:57.845076 47869811058816 model.py:132] Running predict with shape(feat) = {'aatype': (4, 232), 'residue_index': (4, 232), 'seq_length': (4,), 'template_aatype': (4, 4, 232), 'template_all_atom_masks': (4, 4, 232, 37), 'template_all_atom_positions': (4, 4, 232, 37, 3), 'template_sum_probs': (4, 4, 1), 'is_distillation': (4,), 'seq_mask': (4, 232), 'msa_mask': (4, 508, 232), 'msa_row_mask': (4, 508), 'random_crop_to_size_seed': (4, 2), 'template_mask': (4, 4), 'template_pseudo_beta': (4, 4, 232, 3), 'template_pseudo_beta_mask': (4, 4, 232), 'atom14_atom_exists': (4, 232, 14), 'residx_atom14_to_atom37': (4, 232, 14), 'residx_atom37_to_atom14': (4, 232, 37), 'atom37_atom_exists': (4, 232, 37), 'extra_msa': (4, 5120, 232), 'extra_msa_mask': (4, 5120, 232), 'extra_msa_row_mask': (4, 5120), 'bert_mask': (4, 508, 232), 'true_msa': (4, 508, 232), 'extra_has_deletion': (4, 5120, 232), 'extra_deletion_value': (4, 5120, 232), 'msa_feat': (4, 508, 232, 49), 'target_feat': (4, 232, 22)}
I0811 22:44:48.154660 47869811058816 model.py:140] Output shape was {'distogram': {'bin_edges': (63,), 'logits': (232, 232, 64)}, 'experimentally_resolved': {'logits': (232, 37)}, 'masked_msa': {'logits': (508, 232, 23)}, 'predicted_lddt': {'logits': (232, 50)}, 'structure_module': {'final_atom_mask': (232, 37), 'final_atom_positions': (232, 37, 3)}, 'plddt': (232,)}
I0811 22:44:48.155323 47869811058816 run_alphafold.py:159] Total JAX model model_1 predict time (includes compilation time, see --benchmark): 170?
I0811 22:45:00.131137 47869811058816 amber_minimize.py:177] alterations info: {'nonstandard_residues': [], 'removed_heterogens': set(), 'missing_residues': {}, 'missing_heavy_atoms': {}, 'missing_terminals': {<Residue 231 (LEU) of chain 0>: ['OXT']}, 'Se_in_MET': [], 'removed_chains': {0: []}}
I0811 22:45:00.903147 47869811058816 amber_minimize.py:405] Minimizing protein, attempt 1 of 100.
I0811 22:45:01.342495 47869811058816 amber_minimize.py:69] Restraining 1781 / 3612 particles.
I0811 22:45:41.530994 47869811058816 amber_minimize.py:177] alterations info: {'nonstandard_residues': [], 'removed_heterogens': set(), 'missing_residues': {}, 'missing_heavy_atoms': {}, 'missing_terminals': {}, 'Se_in_MET': [], 'removed_chains': {0: []}}
I0811 22:46:06.271427 47869811058816 amber_minimize.py:491] Iteration completed: Einit 4672.07 Efinal -4642.95 Time 36.95 s num residue violations 0 num residue exclusions 0 
I0811 22:46:11.914484 47869811058816 amber_minimize.py:177] alterations info: {'nonstandard_residues': [], 'removed_heterogens': set(), 'missing_residues': {}, 'missing_heavy_atoms': {}, 'missing_terminals': {<Residue 231 (LEU) of chain 0>: ['OXT']}, 'Se_in_MET': [], 'removed_chains': {0: []}}
I0811 22:46:12.467326 47869811058816 run_alphafold.py:149] Running model model_2
I0811 22:46:17.504143 47869811058816 model.py:132] Running predict with shape(feat) = {'aatype': (4, 232), 'residue_index': (4, 232), 'seq_length': (4,), 'template_aatype': (4, 4, 232), 'template_all_atom_masks': (4, 4, 232, 37), 'template_all_atom_positions': (4, 4, 232, 37, 3), 'template_sum_probs': (4, 4, 1), 'is_distillation': (4,), 'seq_mask': (4, 232), 'msa_mask': (4, 508, 232), 'msa_row_mask': (4, 508), 'random_crop_to_size_seed': (4, 2), 'template_mask': (4, 4), 'template_pseudo_beta': (4, 4, 232, 3), 'template_pseudo_beta_mask': (4, 4, 232), 'atom14_atom_exists': (4, 232, 14), 'residx_atom14_to_atom37': (4, 232, 14), 'residx_atom37_to_atom14': (4, 232, 37), 'atom37_atom_exists': (4, 232, 37), 'extra_msa': (4, 1024, 232), 'extra_msa_mask': (4, 1024, 232), 'extra_msa_row_mask': (4, 1024), 'bert_mask': (4, 508, 232), 'true_msa': (4, 508, 232), 'extra_has_deletion': (4, 1024, 232), 'extra_deletion_value': (4, 1024, 232), 'msa_feat': (4, 508, 232, 49), 'target_feat': (4, 232, 22)}
I0811 22:49:00.339752 47869811058816 model.py:140] Output shape was {'distogram': {'bin_edges': (63,), 'logits': (232, 232, 64)}, 'experimentally_resolved': {'logits': (232, 37)}, 'masked_msa': {'logits': (508, 232, 23)}, 'predicted_lddt': {'logits': (232, 50)}, 'structure_module': {'final_atom_mask': (232, 37), 'final_atom_positions': (232, 37, 3)}, 'plddt': (232,)}
I0811 22:49:00.340489 47869811058816 run_alphafold.py:159] Total JAX model model_2 predict time (includes compilation time, see --benchmark): 163?
I0811 22:49:06.623403 47869811058816 amber_minimize.py:177] alterations info: {'nonstandard_residues': [], 'removed_heterogens': set(), 'missing_residues': {}, 'missing_heavy_atoms': {}, 'missing_terminals': {<Residue 231 (LEU) of chain 0>: ['OXT']}, 'Se_in_MET': [], 'removed_chains': {0: []}}
I0811 22:49:06.871109 47869811058816 amber_minimize.py:405] Minimizing protein, attempt 1 of 100.
I0811 22:49:08.304317 47869811058816 amber_minimize.py:69] Restraining 1781 / 3612 particles.
I0811 22:49:47.584038 47869811058816 amber_minimize.py:177] alterations info: {'nonstandard_residues': [], 'removed_heterogens': set(), 'missing_residues': {}, 'missing_heavy_atoms': {}, 'missing_terminals': {}, 'Se_in_MET': [], 'removed_chains': {0: []}}
I0811 22:49:48.237507 47869811058816 amber_minimize.py:491] Iteration completed: Einit 9323.87 Efinal -4564.31 Time 38.43 s num residue violations 0 num residue exclusions 0 
I0811 22:49:52.979313 47869811058816 amber_minimize.py:177] alterations info: {'nonstandard_residues': [], 'removed_heterogens': set(), 'missing_residues': {}, 'missing_heavy_atoms': {}, 'missing_terminals': {<Residue 231 (LEU) of chain 0>: ['OXT']}, 'Se_in_MET': [], 'removed_chains': {0: []}}
I0811 22:49:54.552456 47869811058816 run_alphafold.py:208] Final timings for 3DAC_002: {'features': 0.13976788520812988, 'process_features_model_1': 7.798607110977173, 'predict_and_compile_model_1': 170.3106713294983, 'relax_model_1': 82.09979176521301, 'process_features_model_2': 5.033676385879517, 'predict_and_compile_model_2': 162.83923506736755, 'relax_model_2': 53.3818359375}
