/lustre/home/acct-stu/stu/.conda/envs/alphafold_cuda10/lib/python3.8/site-packages/absl/flags/_validators.py:203: UserWarning: Flag --preset has a non-None default value; therefore, mark_flag_as_required will pass even if flag is not specified in the command line!
  warnings.warn(
I0810 00:21:26.786594 47976605239424 templates.py:837] Using precomputed obsolete pdbs /lustre/home/acct-stu/stu/parallelfold/data/pdb_mmcif/obsolete.dat.
I0810 00:21:27.366340 47976605239424 tpu_client.py:54] Starting the local TPU driver.
I0810 00:21:27.535918 47976605239424 xla_bridge.py:212] Unable to initialize backend 'tpu_driver': Not found: Unable to find driver in registry given worker: local://
I0810 00:21:29.251514 47976605239424 xla_bridge.py:212] Unable to initialize backend 'tpu': Invalid argument: TpuPlatform is not available.
I0810 00:21:31.657115 47976605239424 run_alphafold.py:267] Have 2 models: ['model_1', 'model_2']
I0810 00:21:31.657372 47976605239424 run_alphafold.py:280] Using random seed 4526028481182342661 for the data pipeline
I0810 00:21:32.203180 47976605239424 run_alphafold.py:149] Running model model_1
I0810 00:22:00.222075 47976605239424 model.py:132] Running predict with shape(feat) = {'aatype': (4, 256), 'residue_index': (4, 256), 'seq_length': (4,), 'template_aatype': (4, 4, 256), 'template_all_atom_masks': (4, 4, 256, 37), 'template_all_atom_positions': (4, 4, 256, 37, 3), 'template_sum_probs': (4, 4, 1), 'is_distillation': (4,), 'seq_mask': (4, 256), 'msa_mask': (4, 508, 256), 'msa_row_mask': (4, 508), 'random_crop_to_size_seed': (4, 2), 'template_mask': (4, 4), 'template_pseudo_beta': (4, 4, 256, 3), 'template_pseudo_beta_mask': (4, 4, 256), 'atom14_atom_exists': (4, 256, 14), 'residx_atom14_to_atom37': (4, 256, 14), 'residx_atom37_to_atom14': (4, 256, 37), 'atom37_atom_exists': (4, 256, 37), 'extra_msa': (4, 5120, 256), 'extra_msa_mask': (4, 5120, 256), 'extra_msa_row_mask': (4, 5120), 'bert_mask': (4, 508, 256), 'true_msa': (4, 508, 256), 'extra_has_deletion': (4, 5120, 256), 'extra_deletion_value': (4, 5120, 256), 'msa_feat': (4, 508, 256, 49), 'target_feat': (4, 256, 22)}
I0810 00:24:47.348694 47976605239424 model.py:140] Output shape was {'distogram': {'bin_edges': (63,), 'logits': (256, 256, 64)}, 'experimentally_resolved': {'logits': (256, 37)}, 'masked_msa': {'logits': (508, 256, 23)}, 'predicted_lddt': {'logits': (256, 50)}, 'structure_module': {'final_atom_mask': (256, 37), 'final_atom_positions': (256, 37, 3)}, 'plddt': (256,)}
I0810 00:24:47.350629 47976605239424 run_alphafold.py:159] Total JAX model model_1 predict time (includes compilation time, see --benchmark): 167?
I0810 00:24:58.152648 47976605239424 amber_minimize.py:177] alterations info: {'nonstandard_residues': [], 'removed_heterogens': set(), 'missing_residues': {}, 'missing_heavy_atoms': {}, 'missing_terminals': {<Residue 255 (GLY) of chain 0>: ['OXT']}, 'Se_in_MET': [], 'removed_chains': {0: []}}
I0810 00:24:58.416855 47976605239424 amber_minimize.py:405] Minimizing protein, attempt 1 of 100.
I0810 00:24:59.338875 47976605239424 amber_minimize.py:69] Restraining 2016 / 4116 particles.
I0810 00:25:52.249479 47976605239424 amber_minimize.py:177] alterations info: {'nonstandard_residues': [], 'removed_heterogens': set(), 'missing_residues': {}, 'missing_heavy_atoms': {}, 'missing_terminals': {}, 'Se_in_MET': [], 'removed_chains': {0: []}}
I0810 00:26:11.036306 47976605239424 amber_minimize.py:491] Iteration completed: Einit 5906.14 Efinal -5082.43 Time 51.34 s num residue violations 0 num residue exclusions 0 
I0810 00:26:14.767779 47976605239424 amber_minimize.py:177] alterations info: {'nonstandard_residues': [], 'removed_heterogens': set(), 'missing_residues': {}, 'missing_heavy_atoms': {}, 'missing_terminals': {<Residue 255 (GLY) of chain 0>: ['OXT']}, 'Se_in_MET': [], 'removed_chains': {0: []}}
I0810 00:26:15.823731 47976605239424 run_alphafold.py:149] Running model model_2
I0810 00:26:31.154677 47976605239424 model.py:132] Running predict with shape(feat) = {'aatype': (4, 256), 'residue_index': (4, 256), 'seq_length': (4,), 'template_aatype': (4, 4, 256), 'template_all_atom_masks': (4, 4, 256, 37), 'template_all_atom_positions': (4, 4, 256, 37, 3), 'template_sum_probs': (4, 4, 1), 'is_distillation': (4,), 'seq_mask': (4, 256), 'msa_mask': (4, 508, 256), 'msa_row_mask': (4, 508), 'random_crop_to_size_seed': (4, 2), 'template_mask': (4, 4), 'template_pseudo_beta': (4, 4, 256, 3), 'template_pseudo_beta_mask': (4, 4, 256), 'atom14_atom_exists': (4, 256, 14), 'residx_atom14_to_atom37': (4, 256, 14), 'residx_atom37_to_atom14': (4, 256, 37), 'atom37_atom_exists': (4, 256, 37), 'extra_msa': (4, 1024, 256), 'extra_msa_mask': (4, 1024, 256), 'extra_msa_row_mask': (4, 1024), 'bert_mask': (4, 508, 256), 'true_msa': (4, 508, 256), 'extra_has_deletion': (4, 1024, 256), 'extra_deletion_value': (4, 1024, 256), 'msa_feat': (4, 508, 256, 49), 'target_feat': (4, 256, 22)}
I0810 00:29:10.956470 47976605239424 model.py:140] Output shape was {'distogram': {'bin_edges': (63,), 'logits': (256, 256, 64)}, 'experimentally_resolved': {'logits': (256, 37)}, 'masked_msa': {'logits': (508, 256, 23)}, 'predicted_lddt': {'logits': (256, 50)}, 'structure_module': {'final_atom_mask': (256, 37), 'final_atom_positions': (256, 37, 3)}, 'plddt': (256,)}
I0810 00:29:10.957272 47976605239424 run_alphafold.py:159] Total JAX model model_2 predict time (includes compilation time, see --benchmark): 160?
I0810 00:29:17.096666 47976605239424 amber_minimize.py:177] alterations info: {'nonstandard_residues': [], 'removed_heterogens': set(), 'missing_residues': {}, 'missing_heavy_atoms': {}, 'missing_terminals': {<Residue 255 (GLY) of chain 0>: ['OXT']}, 'Se_in_MET': [], 'removed_chains': {0: []}}
I0810 00:29:17.377071 47976605239424 amber_minimize.py:405] Minimizing protein, attempt 1 of 100.
I0810 00:29:17.820280 47976605239424 amber_minimize.py:69] Restraining 2016 / 4116 particles.
I0810 00:30:16.655126 47976605239424 amber_minimize.py:177] alterations info: {'nonstandard_residues': [], 'removed_heterogens': set(), 'missing_residues': {}, 'missing_heavy_atoms': {}, 'missing_terminals': {}, 'Se_in_MET': [], 'removed_chains': {0: []}}
I0810 00:30:18.363061 47976605239424 amber_minimize.py:491] Iteration completed: Einit 5627.96 Efinal -5052.03 Time 57.27 s num residue violations 0 num residue exclusions 0 
I0810 00:30:22.557586 47976605239424 amber_minimize.py:177] alterations info: {'nonstandard_residues': [], 'removed_heterogens': set(), 'missing_residues': {}, 'missing_heavy_atoms': {}, 'missing_terminals': {<Residue 255 (GLY) of chain 0>: ['OXT']}, 'Se_in_MET': [], 'removed_chains': {0: []}}
I0810 00:30:23.977760 47976605239424 run_alphafold.py:208] Final timings for A501_008: {'features': 0.5255277156829834, 'process_features_model_1': 28.01768445968628, 'predict_and_compile_model_1': 167.12953209877014, 'relax_model_1': 86.51966333389282, 'process_features_model_2': 15.32961630821228, 'predict_and_compile_model_2': 159.80372667312622, 'relax_model_2': 72.07378315925598}
