/lustre/home/acct-stu/stu/.conda/envs/alphafold_cuda10/lib/python3.8/site-packages/absl/flags/_validators.py:203: UserWarning: Flag --preset has a non-None default value; therefore, mark_flag_as_required will pass even if flag is not specified in the command line!
  warnings.warn(
I0811 22:43:26.797441 47780519495808 templates.py:837] Using precomputed obsolete pdbs /lustre/home/acct-stu/stu/parallelfold/data/pdb_mmcif/obsolete.dat.
I0811 22:43:27.089574 47780519495808 tpu_client.py:54] Starting the local TPU driver.
I0811 22:43:27.090120 47780519495808 xla_bridge.py:212] Unable to initialize backend 'tpu_driver': Not found: Unable to find driver in registry given worker: local://
I0811 22:43:27.457629 47780519495808 xla_bridge.py:212] Unable to initialize backend 'tpu': Invalid argument: TpuPlatform is not available.
I0811 22:43:29.830490 47780519495808 run_alphafold.py:267] Have 2 models: ['model_1', 'model_2']
I0811 22:43:29.830764 47780519495808 run_alphafold.py:280] Using random seed 244131733448993755 for the data pipeline
I0811 22:43:30.200577 47780519495808 run_alphafold.py:149] Running model model_1
I0811 22:43:44.999363 47780519495808 model.py:132] Running predict with shape(feat) = {'aatype': (4, 588), 'residue_index': (4, 588), 'seq_length': (4,), 'template_aatype': (4, 4, 588), 'template_all_atom_masks': (4, 4, 588, 37), 'template_all_atom_positions': (4, 4, 588, 37, 3), 'template_sum_probs': (4, 4, 1), 'is_distillation': (4,), 'seq_mask': (4, 588), 'msa_mask': (4, 508, 588), 'msa_row_mask': (4, 508), 'random_crop_to_size_seed': (4, 2), 'template_mask': (4, 4), 'template_pseudo_beta': (4, 4, 588, 3), 'template_pseudo_beta_mask': (4, 4, 588), 'atom14_atom_exists': (4, 588, 14), 'residx_atom14_to_atom37': (4, 588, 14), 'residx_atom37_to_atom14': (4, 588, 37), 'atom37_atom_exists': (4, 588, 37), 'extra_msa': (4, 5120, 588), 'extra_msa_mask': (4, 5120, 588), 'extra_msa_row_mask': (4, 5120), 'bert_mask': (4, 508, 588), 'true_msa': (4, 508, 588), 'extra_has_deletion': (4, 5120, 588), 'extra_deletion_value': (4, 5120, 588), 'msa_feat': (4, 508, 588, 49), 'target_feat': (4, 588, 22)}
I0811 22:48:20.274282 47780519495808 model.py:140] Output shape was {'distogram': {'bin_edges': (63,), 'logits': (588, 588, 64)}, 'experimentally_resolved': {'logits': (588, 37)}, 'masked_msa': {'logits': (508, 588, 23)}, 'predicted_lddt': {'logits': (588, 50)}, 'structure_module': {'final_atom_mask': (588, 37), 'final_atom_positions': (588, 37, 3)}, 'plddt': (588,)}
I0811 22:48:20.274914 47780519495808 run_alphafold.py:159] Total JAX model model_1 predict time (includes compilation time, see --benchmark): 275?
I0811 22:48:35.326105 47780519495808 amber_minimize.py:177] alterations info: {'nonstandard_residues': [], 'removed_heterogens': set(), 'missing_residues': {}, 'missing_heavy_atoms': {}, 'missing_terminals': {<Residue 587 (LYS) of chain 0>: ['OXT']}, 'Se_in_MET': [], 'removed_chains': {0: []}}
I0811 22:48:36.431789 47780519495808 amber_minimize.py:405] Minimizing protein, attempt 1 of 100.
I0811 22:48:37.774628 47780519495808 amber_minimize.py:69] Restraining 4468 / 9059 particles.
I0811 22:56:40.336929 47780519495808 amber_minimize.py:177] alterations info: {'nonstandard_residues': [], 'removed_heterogens': set(), 'missing_residues': {}, 'missing_heavy_atoms': {}, 'missing_terminals': {}, 'Se_in_MET': [], 'removed_chains': {0: []}}
I0811 22:57:11.437501 47780519495808 amber_minimize.py:491] Iteration completed: Einit 83269366.25 Efinal -8604.83 Time 478.82 s num residue violations 0 num residue exclusions 0 
I0811 22:57:18.690407 47780519495808 amber_minimize.py:177] alterations info: {'nonstandard_residues': [], 'removed_heterogens': set(), 'missing_residues': {}, 'missing_heavy_atoms': {}, 'missing_terminals': {<Residue 587 (LYS) of chain 0>: ['OXT']}, 'Se_in_MET': [], 'removed_chains': {0: []}}
I0811 22:57:20.659326 47780519495808 run_alphafold.py:149] Running model model_2
I0811 22:57:32.091004 47780519495808 model.py:132] Running predict with shape(feat) = {'aatype': (4, 588), 'residue_index': (4, 588), 'seq_length': (4,), 'template_aatype': (4, 4, 588), 'template_all_atom_masks': (4, 4, 588, 37), 'template_all_atom_positions': (4, 4, 588, 37, 3), 'template_sum_probs': (4, 4, 1), 'is_distillation': (4,), 'seq_mask': (4, 588), 'msa_mask': (4, 508, 588), 'msa_row_mask': (4, 508), 'random_crop_to_size_seed': (4, 2), 'template_mask': (4, 4), 'template_pseudo_beta': (4, 4, 588, 3), 'template_pseudo_beta_mask': (4, 4, 588), 'atom14_atom_exists': (4, 588, 14), 'residx_atom14_to_atom37': (4, 588, 14), 'residx_atom37_to_atom14': (4, 588, 37), 'atom37_atom_exists': (4, 588, 37), 'extra_msa': (4, 1024, 588), 'extra_msa_mask': (4, 1024, 588), 'extra_msa_row_mask': (4, 1024), 'bert_mask': (4, 508, 588), 'true_msa': (4, 508, 588), 'extra_has_deletion': (4, 1024, 588), 'extra_deletion_value': (4, 1024, 588), 'msa_feat': (4, 508, 588, 49), 'target_feat': (4, 588, 22)}
I0811 23:01:27.501797 47780519495808 model.py:140] Output shape was {'distogram': {'bin_edges': (63,), 'logits': (588, 588, 64)}, 'experimentally_resolved': {'logits': (588, 37)}, 'masked_msa': {'logits': (508, 588, 23)}, 'predicted_lddt': {'logits': (588, 50)}, 'structure_module': {'final_atom_mask': (588, 37), 'final_atom_positions': (588, 37, 3)}, 'plddt': (588,)}
I0811 23:01:27.513989 47780519495808 run_alphafold.py:159] Total JAX model model_2 predict time (includes compilation time, see --benchmark): 235?
I0811 23:01:35.873992 47780519495808 amber_minimize.py:177] alterations info: {'nonstandard_residues': [], 'removed_heterogens': set(), 'missing_residues': {}, 'missing_heavy_atoms': {}, 'missing_terminals': {<Residue 587 (LYS) of chain 0>: ['OXT']}, 'Se_in_MET': [], 'removed_chains': {0: []}}
I0811 23:01:37.207411 47780519495808 amber_minimize.py:405] Minimizing protein, attempt 1 of 100.
I0811 23:01:37.965278 47780519495808 amber_minimize.py:69] Restraining 4468 / 9059 particles.
I0811 23:06:05.888031 47780519495808 amber_minimize.py:177] alterations info: {'nonstandard_residues': [], 'removed_heterogens': set(), 'missing_residues': {}, 'missing_heavy_atoms': {}, 'missing_terminals': {}, 'Se_in_MET': [], 'removed_chains': {0: []}}
I0811 23:06:09.097776 47780519495808 amber_minimize.py:491] Iteration completed: Einit 99266.33 Efinal -8515.96 Time 264.18 s num residue violations 0 num residue exclusions 0 
I0811 23:06:15.028557 47780519495808 amber_minimize.py:177] alterations info: {'nonstandard_residues': [], 'removed_heterogens': set(), 'missing_residues': {}, 'missing_heavy_atoms': {}, 'missing_terminals': {<Residue 587 (LYS) of chain 0>: ['OXT']}, 'Se_in_MET': [], 'removed_chains': {0: []}}
I0811 23:06:16.909159 47780519495808 run_alphafold.py:208] Final timings for 3DAC_008: {'features': 0.36875009536743164, 'process_features_model_1': 14.797470092773438, 'predict_and_compile_model_1': 275.27661895751953, 'relax_model_1': 536.9992184638977, 'process_features_model_2': 11.429954290390015, 'predict_and_compile_model_2': 235.42449426651, 'relax_model_2': 287.54771184921265}
