/lustre/home/acct-stu/stu/.conda/envs/alphafold_cuda10/lib/python3.8/site-packages/absl/flags/_validators.py:203: UserWarning: Flag --preset has a non-None default value; therefore, mark_flag_as_required will pass even if flag is not specified in the command line!
  warnings.warn(
I0810 00:21:26.759616 47159923222656 templates.py:837] Using precomputed obsolete pdbs /lustre/home/acct-stu/stu/parallelfold/data/pdb_mmcif/obsolete.dat.
I0810 00:21:27.366348 47159923222656 tpu_client.py:54] Starting the local TPU driver.
I0810 00:21:27.535871 47159923222656 xla_bridge.py:212] Unable to initialize backend 'tpu_driver': Not found: Unable to find driver in registry given worker: local://
I0810 00:21:29.251503 47159923222656 xla_bridge.py:212] Unable to initialize backend 'tpu': Invalid argument: TpuPlatform is not available.
I0810 00:21:31.803530 47159923222656 run_alphafold.py:267] Have 2 models: ['model_1', 'model_2']
I0810 00:21:31.803744 47159923222656 run_alphafold.py:280] Using random seed 3100125765587608431 for the data pipeline
I0810 00:21:32.025712 47159923222656 run_alphafold.py:149] Running model model_1
I0810 00:21:49.477766 47159923222656 model.py:132] Running predict with shape(feat) = {'aatype': (4, 215), 'residue_index': (4, 215), 'seq_length': (4,), 'template_aatype': (4, 4, 215), 'template_all_atom_masks': (4, 4, 215, 37), 'template_all_atom_positions': (4, 4, 215, 37, 3), 'template_sum_probs': (4, 4, 1), 'is_distillation': (4,), 'seq_mask': (4, 215), 'msa_mask': (4, 508, 215), 'msa_row_mask': (4, 508), 'random_crop_to_size_seed': (4, 2), 'template_mask': (4, 4), 'template_pseudo_beta': (4, 4, 215, 3), 'template_pseudo_beta_mask': (4, 4, 215), 'atom14_atom_exists': (4, 215, 14), 'residx_atom14_to_atom37': (4, 215, 14), 'residx_atom37_to_atom14': (4, 215, 37), 'atom37_atom_exists': (4, 215, 37), 'extra_msa': (4, 5120, 215), 'extra_msa_mask': (4, 5120, 215), 'extra_msa_row_mask': (4, 5120), 'bert_mask': (4, 508, 215), 'true_msa': (4, 508, 215), 'extra_has_deletion': (4, 5120, 215), 'extra_deletion_value': (4, 5120, 215), 'msa_feat': (4, 508, 215, 49), 'target_feat': (4, 215, 22)}
I0810 00:24:33.641080 47159923222656 model.py:140] Output shape was {'distogram': {'bin_edges': (63,), 'logits': (215, 215, 64)}, 'experimentally_resolved': {'logits': (215, 37)}, 'masked_msa': {'logits': (508, 215, 23)}, 'predicted_lddt': {'logits': (215, 50)}, 'structure_module': {'final_atom_mask': (215, 37), 'final_atom_positions': (215, 37, 3)}, 'plddt': (215,)}
I0810 00:24:33.651051 47159923222656 run_alphafold.py:159] Total JAX model model_1 predict time (includes compilation time, see --benchmark): 164?
I0810 00:24:44.551154 47159923222656 amber_minimize.py:177] alterations info: {'nonstandard_residues': [], 'removed_heterogens': set(), 'missing_residues': {}, 'missing_heavy_atoms': {}, 'missing_terminals': {<Residue 214 (VAL) of chain 0>: ['OXT']}, 'Se_in_MET': [], 'removed_chains': {0: []}}
I0810 00:24:44.776002 47159923222656 amber_minimize.py:405] Minimizing protein, attempt 1 of 100.
I0810 00:24:45.132911 47159923222656 amber_minimize.py:69] Restraining 1648 / 3344 particles.
I0810 00:25:18.736122 47159923222656 amber_minimize.py:177] alterations info: {'nonstandard_residues': [], 'removed_heterogens': set(), 'missing_residues': {}, 'missing_heavy_atoms': {}, 'missing_terminals': {}, 'Se_in_MET': [], 'removed_chains': {0: []}}
I0810 00:25:37.891667 47159923222656 amber_minimize.py:491] Iteration completed: Einit 788520.56 Efinal -5561.05 Time 31.03 s num residue violations 0 num residue exclusions 0 
I0810 00:25:42.214242 47159923222656 amber_minimize.py:177] alterations info: {'nonstandard_residues': [], 'removed_heterogens': set(), 'missing_residues': {}, 'missing_heavy_atoms': {}, 'missing_terminals': {<Residue 214 (VAL) of chain 0>: ['OXT']}, 'Se_in_MET': [], 'removed_chains': {0: []}}
I0810 00:25:43.464081 47159923222656 run_alphafold.py:149] Running model model_2
I0810 00:25:47.540888 47159923222656 model.py:132] Running predict with shape(feat) = {'aatype': (4, 215), 'residue_index': (4, 215), 'seq_length': (4,), 'template_aatype': (4, 4, 215), 'template_all_atom_masks': (4, 4, 215, 37), 'template_all_atom_positions': (4, 4, 215, 37, 3), 'template_sum_probs': (4, 4, 1), 'is_distillation': (4,), 'seq_mask': (4, 215), 'msa_mask': (4, 508, 215), 'msa_row_mask': (4, 508), 'random_crop_to_size_seed': (4, 2), 'template_mask': (4, 4), 'template_pseudo_beta': (4, 4, 215, 3), 'template_pseudo_beta_mask': (4, 4, 215), 'atom14_atom_exists': (4, 215, 14), 'residx_atom14_to_atom37': (4, 215, 14), 'residx_atom37_to_atom14': (4, 215, 37), 'atom37_atom_exists': (4, 215, 37), 'extra_msa': (4, 1024, 215), 'extra_msa_mask': (4, 1024, 215), 'extra_msa_row_mask': (4, 1024), 'bert_mask': (4, 508, 215), 'true_msa': (4, 508, 215), 'extra_has_deletion': (4, 1024, 215), 'extra_deletion_value': (4, 1024, 215), 'msa_feat': (4, 508, 215, 49), 'target_feat': (4, 215, 22)}
I0810 00:28:17.289229 47159923222656 model.py:140] Output shape was {'distogram': {'bin_edges': (63,), 'logits': (215, 215, 64)}, 'experimentally_resolved': {'logits': (215, 37)}, 'masked_msa': {'logits': (508, 215, 23)}, 'predicted_lddt': {'logits': (215, 50)}, 'structure_module': {'final_atom_mask': (215, 37), 'final_atom_positions': (215, 37, 3)}, 'plddt': (215,)}
I0810 00:28:17.290031 47159923222656 run_alphafold.py:159] Total JAX model model_2 predict time (includes compilation time, see --benchmark): 150?
I0810 00:28:23.148307 47159923222656 amber_minimize.py:177] alterations info: {'nonstandard_residues': [], 'removed_heterogens': set(), 'missing_residues': {}, 'missing_heavy_atoms': {}, 'missing_terminals': {<Residue 214 (VAL) of chain 0>: ['OXT']}, 'Se_in_MET': [], 'removed_chains': {0: []}}
I0810 00:28:23.370769 47159923222656 amber_minimize.py:405] Minimizing protein, attempt 1 of 100.
I0810 00:28:23.785210 47159923222656 amber_minimize.py:69] Restraining 1648 / 3344 particles.
I0810 00:28:54.737292 47159923222656 amber_minimize.py:177] alterations info: {'nonstandard_residues': [], 'removed_heterogens': set(), 'missing_residues': {}, 'missing_heavy_atoms': {}, 'missing_terminals': {}, 'Se_in_MET': [], 'removed_chains': {0: []}}
I0810 00:28:55.377414 47159923222656 amber_minimize.py:491] Iteration completed: Einit 5815.39 Efinal -5547.16 Time 29.47 s num residue violations 0 num residue exclusions 0 
I0810 00:29:00.425822 47159923222656 amber_minimize.py:177] alterations info: {'nonstandard_residues': [], 'removed_heterogens': set(), 'missing_residues': {}, 'missing_heavy_atoms': {}, 'missing_terminals': {<Residue 214 (VAL) of chain 0>: ['OXT']}, 'Se_in_MET': [], 'removed_chains': {0: []}}
I0810 00:29:00.934340 47159923222656 run_alphafold.py:208] Final timings for A501_009: {'features': 0.22092390060424805, 'process_features_model_1': 17.451515674591064, 'predict_and_compile_model_1': 164.1735553741455, 'relax_model_1': 67.61555361747742, 'process_features_model_2': 4.074840784072876, 'predict_and_compile_model_2': 149.7508728504181, 'relax_model_2': 42.77432942390442}
