/lustre/home/acct-stu/stu/.conda/envs/alphafold_cuda10/lib/python3.8/site-packages/absl/flags/_validators.py:203: UserWarning: Flag --preset has a non-None default value; therefore, mark_flag_as_required will pass even if flag is not specified in the command line!
  warnings.warn(
I0811 22:42:26.888359 47538078308480 templates.py:837] Using precomputed obsolete pdbs /lustre/home/acct-stu/stu/parallelfold/data/pdb_mmcif/obsolete.dat.
I0811 22:42:27.180912 47538078308480 tpu_client.py:54] Starting the local TPU driver.
I0811 22:42:27.181308 47538078308480 xla_bridge.py:212] Unable to initialize backend 'tpu_driver': Not found: Unable to find driver in registry given worker: local://
I0811 22:42:27.434329 47538078308480 xla_bridge.py:212] Unable to initialize backend 'tpu': Invalid argument: TpuPlatform is not available.
I0811 22:42:29.827290 47538078308480 run_alphafold.py:267] Have 2 models: ['model_1', 'model_2']
I0811 22:42:29.827656 47538078308480 run_alphafold.py:280] Using random seed 862694254392775105 for the data pipeline
I0811 22:42:30.337463 47538078308480 run_alphafold.py:149] Running model model_1
I0811 22:42:54.647623 47538078308480 model.py:132] Running predict with shape(feat) = {'aatype': (4, 394), 'residue_index': (4, 394), 'seq_length': (4,), 'template_aatype': (4, 4, 394), 'template_all_atom_masks': (4, 4, 394, 37), 'template_all_atom_positions': (4, 4, 394, 37, 3), 'template_sum_probs': (4, 4, 1), 'is_distillation': (4,), 'seq_mask': (4, 394), 'msa_mask': (4, 508, 394), 'msa_row_mask': (4, 508), 'random_crop_to_size_seed': (4, 2), 'template_mask': (4, 4), 'template_pseudo_beta': (4, 4, 394, 3), 'template_pseudo_beta_mask': (4, 4, 394), 'atom14_atom_exists': (4, 394, 14), 'residx_atom14_to_atom37': (4, 394, 14), 'residx_atom37_to_atom14': (4, 394, 37), 'atom37_atom_exists': (4, 394, 37), 'extra_msa': (4, 5120, 394), 'extra_msa_mask': (4, 5120, 394), 'extra_msa_row_mask': (4, 5120), 'bert_mask': (4, 508, 394), 'true_msa': (4, 508, 394), 'extra_has_deletion': (4, 5120, 394), 'extra_deletion_value': (4, 5120, 394), 'msa_feat': (4, 508, 394, 49), 'target_feat': (4, 394, 22)}
I0811 22:46:29.429682 47538078308480 model.py:140] Output shape was {'distogram': {'bin_edges': (63,), 'logits': (394, 394, 64)}, 'experimentally_resolved': {'logits': (394, 37)}, 'masked_msa': {'logits': (508, 394, 23)}, 'predicted_lddt': {'logits': (394, 50)}, 'structure_module': {'final_atom_mask': (394, 37), 'final_atom_positions': (394, 37, 3)}, 'plddt': (394,)}
I0811 22:46:29.430310 47538078308480 run_alphafold.py:159] Total JAX model model_1 predict time (includes compilation time, see --benchmark): 215?
I0811 22:46:42.835976 47538078308480 amber_minimize.py:177] alterations info: {'nonstandard_residues': [], 'removed_heterogens': set(), 'missing_residues': {}, 'missing_heavy_atoms': {}, 'missing_terminals': {<Residue 393 (LYS) of chain 0>: ['OXT']}, 'Se_in_MET': [], 'removed_chains': {0: []}}
I0811 22:46:43.781200 47538078308480 amber_minimize.py:405] Minimizing protein, attempt 1 of 100.
I0811 22:46:44.381569 47538078308480 amber_minimize.py:69] Restraining 3118 / 6184 particles.
I0811 22:48:33.853834 47538078308480 amber_minimize.py:177] alterations info: {'nonstandard_residues': [], 'removed_heterogens': set(), 'missing_residues': {}, 'missing_heavy_atoms': {}, 'missing_terminals': {}, 'Se_in_MET': [], 'removed_chains': {0: []}}
I0811 22:48:59.149671 47538078308480 amber_minimize.py:491] Iteration completed: Einit 11244.47 Efinal -5938.83 Time 105.14 s num residue violations 0 num residue exclusions 0 
I0811 22:49:05.296350 47538078308480 amber_minimize.py:177] alterations info: {'nonstandard_residues': [], 'removed_heterogens': set(), 'missing_residues': {}, 'missing_heavy_atoms': {}, 'missing_terminals': {<Residue 393 (LYS) of chain 0>: ['OXT']}, 'Se_in_MET': [], 'removed_chains': {0: []}}
I0811 22:49:06.736002 47538078308480 run_alphafold.py:149] Running model model_2
I0811 22:49:28.084825 47538078308480 model.py:132] Running predict with shape(feat) = {'aatype': (4, 394), 'residue_index': (4, 394), 'seq_length': (4,), 'template_aatype': (4, 4, 394), 'template_all_atom_masks': (4, 4, 394, 37), 'template_all_atom_positions': (4, 4, 394, 37, 3), 'template_sum_probs': (4, 4, 1), 'is_distillation': (4,), 'seq_mask': (4, 394), 'msa_mask': (4, 508, 394), 'msa_row_mask': (4, 508), 'random_crop_to_size_seed': (4, 2), 'template_mask': (4, 4), 'template_pseudo_beta': (4, 4, 394, 3), 'template_pseudo_beta_mask': (4, 4, 394), 'atom14_atom_exists': (4, 394, 14), 'residx_atom14_to_atom37': (4, 394, 14), 'residx_atom37_to_atom14': (4, 394, 37), 'atom37_atom_exists': (4, 394, 37), 'extra_msa': (4, 1024, 394), 'extra_msa_mask': (4, 1024, 394), 'extra_msa_row_mask': (4, 1024), 'bert_mask': (4, 508, 394), 'true_msa': (4, 508, 394), 'extra_has_deletion': (4, 1024, 394), 'extra_deletion_value': (4, 1024, 394), 'msa_feat': (4, 508, 394, 49), 'target_feat': (4, 394, 22)}
I0811 22:52:42.783334 47538078308480 model.py:140] Output shape was {'distogram': {'bin_edges': (63,), 'logits': (394, 394, 64)}, 'experimentally_resolved': {'logits': (394, 37)}, 'masked_msa': {'logits': (508, 394, 23)}, 'predicted_lddt': {'logits': (394, 50)}, 'structure_module': {'final_atom_mask': (394, 37), 'final_atom_positions': (394, 37, 3)}, 'plddt': (394,)}
I0811 22:52:42.784192 47538078308480 run_alphafold.py:159] Total JAX model model_2 predict time (includes compilation time, see --benchmark): 195?
I0811 22:52:55.472396 47538078308480 amber_minimize.py:177] alterations info: {'nonstandard_residues': [], 'removed_heterogens': set(), 'missing_residues': {}, 'missing_heavy_atoms': {}, 'missing_terminals': {<Residue 393 (LYS) of chain 0>: ['OXT']}, 'Se_in_MET': [], 'removed_chains': {0: []}}
I0811 22:52:57.006943 47538078308480 amber_minimize.py:405] Minimizing protein, attempt 1 of 100.
I0811 22:52:57.661797 47538078308480 amber_minimize.py:69] Restraining 3118 / 6184 particles.
I0811 22:54:52.601453 47538078308480 amber_minimize.py:177] alterations info: {'nonstandard_residues': [], 'removed_heterogens': set(), 'missing_residues': {}, 'missing_heavy_atoms': {}, 'missing_terminals': {}, 'Se_in_MET': [], 'removed_chains': {0: []}}
I0811 22:54:55.029855 47538078308480 amber_minimize.py:491] Iteration completed: Einit 33735982.25 Efinal -5949.17 Time 111.63 s num residue violations 0 num residue exclusions 0 
I0811 22:55:00.960056 47538078308480 amber_minimize.py:177] alterations info: {'nonstandard_residues': [], 'removed_heterogens': set(), 'missing_residues': {}, 'missing_heavy_atoms': {}, 'missing_terminals': {<Residue 393 (LYS) of chain 0>: ['OXT']}, 'Se_in_MET': [], 'removed_chains': {0: []}}
I0811 22:55:02.740163 47538078308480 run_alphafold.py:208] Final timings for 3DAC_004: {'features': 0.5083239078521729, 'process_features_model_1': 24.30889105796814, 'predict_and_compile_model_1': 214.78370714187622, 'relax_model_1': 154.78438901901245, 'process_features_model_2': 21.34558129310608, 'predict_and_compile_model_2': 194.702392578125, 'relax_model_2': 137.95032382011414}
