/lustre/home/acct-stu/stu/.conda/envs/alphafold_cuda10/lib/python3.8/site-packages/absl/flags/_validators.py:203: UserWarning: Flag --preset has a non-None default value; therefore, mark_flag_as_required will pass even if flag is not specified in the command line!
  warnings.warn(
I0810 00:21:26.758335 47606090492032 templates.py:837] Using precomputed obsolete pdbs /lustre/home/acct-stu/stu/parallelfold/data/pdb_mmcif/obsolete.dat.
I0810 00:21:27.366297 47606090492032 tpu_client.py:54] Starting the local TPU driver.
I0810 00:21:27.535945 47606090492032 xla_bridge.py:212] Unable to initialize backend 'tpu_driver': Not found: Unable to find driver in registry given worker: local://
I0810 00:21:29.251518 47606090492032 xla_bridge.py:212] Unable to initialize backend 'tpu': Invalid argument: TpuPlatform is not available.
I0810 00:21:31.811984 47606090492032 run_alphafold.py:267] Have 2 models: ['model_1', 'model_2']
I0810 00:21:31.812202 47606090492032 run_alphafold.py:280] Using random seed 3376718109030203194 for the data pipeline
I0810 00:21:31.968532 47606090492032 run_alphafold.py:149] Running model model_1
I0810 00:21:49.318998 47606090492032 model.py:132] Running predict with shape(feat) = {'aatype': (4, 141), 'residue_index': (4, 141), 'seq_length': (4,), 'template_aatype': (4, 4, 141), 'template_all_atom_masks': (4, 4, 141, 37), 'template_all_atom_positions': (4, 4, 141, 37, 3), 'template_sum_probs': (4, 4, 1), 'is_distillation': (4,), 'seq_mask': (4, 141), 'msa_mask': (4, 508, 141), 'msa_row_mask': (4, 508), 'random_crop_to_size_seed': (4, 2), 'template_mask': (4, 4), 'template_pseudo_beta': (4, 4, 141, 3), 'template_pseudo_beta_mask': (4, 4, 141), 'atom14_atom_exists': (4, 141, 14), 'residx_atom14_to_atom37': (4, 141, 14), 'residx_atom37_to_atom14': (4, 141, 37), 'atom37_atom_exists': (4, 141, 37), 'extra_msa': (4, 5120, 141), 'extra_msa_mask': (4, 5120, 141), 'extra_msa_row_mask': (4, 5120), 'bert_mask': (4, 508, 141), 'true_msa': (4, 508, 141), 'extra_has_deletion': (4, 5120, 141), 'extra_deletion_value': (4, 5120, 141), 'msa_feat': (4, 508, 141, 49), 'target_feat': (4, 141, 22)}
I0810 00:24:21.566613 47606090492032 model.py:140] Output shape was {'distogram': {'bin_edges': (63,), 'logits': (141, 141, 64)}, 'experimentally_resolved': {'logits': (141, 37)}, 'masked_msa': {'logits': (508, 141, 23)}, 'predicted_lddt': {'logits': (141, 50)}, 'structure_module': {'final_atom_mask': (141, 37), 'final_atom_positions': (141, 37, 3)}, 'plddt': (141,)}
I0810 00:24:21.585550 47606090492032 run_alphafold.py:159] Total JAX model model_1 predict time (includes compilation time, see --benchmark): 152?
I0810 00:24:31.147830 47606090492032 amber_minimize.py:177] alterations info: {'nonstandard_residues': [], 'removed_heterogens': set(), 'missing_residues': {}, 'missing_heavy_atoms': {}, 'missing_terminals': {<Residue 140 (TYR) of chain 0>: ['OXT']}, 'Se_in_MET': [], 'removed_chains': {0: []}}
I0810 00:24:31.826349 47606090492032 amber_minimize.py:405] Minimizing protein, attempt 1 of 100.
I0810 00:24:32.129765 47606090492032 amber_minimize.py:69] Restraining 1147 / 2299 particles.
I0810 00:24:45.356905 47606090492032 amber_minimize.py:177] alterations info: {'nonstandard_residues': [], 'removed_heterogens': set(), 'missing_residues': {}, 'missing_heavy_atoms': {}, 'missing_terminals': {}, 'Se_in_MET': [], 'removed_chains': {0: []}}
I0810 00:25:03.331164 47606090492032 amber_minimize.py:491] Iteration completed: Einit 3277.10 Efinal -3026.96 Time 11.64 s num residue violations 0 num residue exclusions 0 
I0810 00:25:08.028808 47606090492032 amber_minimize.py:177] alterations info: {'nonstandard_residues': [], 'removed_heterogens': set(), 'missing_residues': {}, 'missing_heavy_atoms': {}, 'missing_terminals': {<Residue 140 (TYR) of chain 0>: ['OXT']}, 'Se_in_MET': [], 'removed_chains': {0: []}}
I0810 00:25:08.368726 47606090492032 run_alphafold.py:149] Running model model_2
I0810 00:25:18.871107 47606090492032 model.py:132] Running predict with shape(feat) = {'aatype': (4, 141), 'residue_index': (4, 141), 'seq_length': (4,), 'template_aatype': (4, 4, 141), 'template_all_atom_masks': (4, 4, 141, 37), 'template_all_atom_positions': (4, 4, 141, 37, 3), 'template_sum_probs': (4, 4, 1), 'is_distillation': (4,), 'seq_mask': (4, 141), 'msa_mask': (4, 508, 141), 'msa_row_mask': (4, 508), 'random_crop_to_size_seed': (4, 2), 'template_mask': (4, 4), 'template_pseudo_beta': (4, 4, 141, 3), 'template_pseudo_beta_mask': (4, 4, 141), 'atom14_atom_exists': (4, 141, 14), 'residx_atom14_to_atom37': (4, 141, 14), 'residx_atom37_to_atom14': (4, 141, 37), 'atom37_atom_exists': (4, 141, 37), 'extra_msa': (4, 1024, 141), 'extra_msa_mask': (4, 1024, 141), 'extra_msa_row_mask': (4, 1024), 'bert_mask': (4, 508, 141), 'true_msa': (4, 508, 141), 'extra_has_deletion': (4, 1024, 141), 'extra_deletion_value': (4, 1024, 141), 'msa_feat': (4, 508, 141, 49), 'target_feat': (4, 141, 22)}
I0810 00:27:37.422711 47606090492032 model.py:140] Output shape was {'distogram': {'bin_edges': (63,), 'logits': (141, 141, 64)}, 'experimentally_resolved': {'logits': (141, 37)}, 'masked_msa': {'logits': (508, 141, 23)}, 'predicted_lddt': {'logits': (141, 50)}, 'structure_module': {'final_atom_mask': (141, 37), 'final_atom_positions': (141, 37, 3)}, 'plddt': (141,)}
I0810 00:27:37.423449 47606090492032 run_alphafold.py:159] Total JAX model model_2 predict time (includes compilation time, see --benchmark): 139?
I0810 00:27:42.974904 47606090492032 amber_minimize.py:177] alterations info: {'nonstandard_residues': [], 'removed_heterogens': set(), 'missing_residues': {}, 'missing_heavy_atoms': {}, 'missing_terminals': {<Residue 140 (TYR) of chain 0>: ['OXT']}, 'Se_in_MET': [], 'removed_chains': {0: []}}
I0810 00:27:43.131608 47606090492032 amber_minimize.py:405] Minimizing protein, attempt 1 of 100.
I0810 00:27:43.513479 47606090492032 amber_minimize.py:69] Restraining 1147 / 2299 particles.
I0810 00:27:54.836896 47606090492032 amber_minimize.py:177] alterations info: {'nonstandard_residues': [], 'removed_heterogens': set(), 'missing_residues': {}, 'missing_heavy_atoms': {}, 'missing_terminals': {}, 'Se_in_MET': [], 'removed_chains': {0: []}}
I0810 00:27:55.198291 47606090492032 amber_minimize.py:491] Iteration completed: Einit 4310.17 Efinal -3021.08 Time 9.51 s num residue violations 0 num residue exclusions 0 
I0810 00:27:58.912821 47606090492032 amber_minimize.py:177] alterations info: {'nonstandard_residues': [], 'removed_heterogens': set(), 'missing_residues': {}, 'missing_heavy_atoms': {}, 'missing_terminals': {<Residue 140 (TYR) of chain 0>: ['OXT']}, 'Se_in_MET': [], 'removed_chains': {0: []}}
I0810 00:28:00.328143 47606090492032 run_alphafold.py:208] Final timings for A501_007: {'features': 0.15543699264526367, 'process_features_model_1': 17.349965572357178, 'predict_and_compile_model_1': 152.26683282852173, 'relax_model_1': 45.20958709716797, 'process_features_model_2': 10.500794649124146, 'predict_and_compile_model_2': 138.55371046066284, 'relax_model_2': 22.383689641952515}
