/lustre/home/acct-stu/stu/.conda/envs/alphafold_cuda10/lib/python3.8/site-packages/absl/flags/_validators.py:203: UserWarning: Flag --preset has a non-None default value; therefore, mark_flag_as_required will pass even if flag is not specified in the command line!
  warnings.warn(
I0811 22:45:07.235228 47931766220928 templates.py:837] Using precomputed obsolete pdbs /lustre/home/acct-stu/stu/parallelfold/data/pdb_mmcif/obsolete.dat.
I0811 22:45:07.567737 47931766220928 tpu_client.py:54] Starting the local TPU driver.
I0811 22:45:07.568248 47931766220928 xla_bridge.py:212] Unable to initialize backend 'tpu_driver': Not found: Unable to find driver in registry given worker: local://
I0811 22:45:08.453016 47931766220928 xla_bridge.py:212] Unable to initialize backend 'tpu': Invalid argument: TpuPlatform is not available.
I0811 22:45:11.054707 47931766220928 run_alphafold.py:267] Have 2 models: ['model_1', 'model_2']
I0811 22:45:11.054975 47931766220928 run_alphafold.py:280] Using random seed 1498815085357689983 for the data pipeline
I0811 22:45:11.264356 47931766220928 run_alphafold.py:149] Running model model_1
I0811 22:45:23.136908 47931766220928 model.py:132] Running predict with shape(feat) = {'aatype': (4, 216), 'residue_index': (4, 216), 'seq_length': (4,), 'template_aatype': (4, 4, 216), 'template_all_atom_masks': (4, 4, 216, 37), 'template_all_atom_positions': (4, 4, 216, 37, 3), 'template_sum_probs': (4, 4, 1), 'is_distillation': (4,), 'seq_mask': (4, 216), 'msa_mask': (4, 508, 216), 'msa_row_mask': (4, 508), 'random_crop_to_size_seed': (4, 2), 'template_mask': (4, 4), 'template_pseudo_beta': (4, 4, 216, 3), 'template_pseudo_beta_mask': (4, 4, 216), 'atom14_atom_exists': (4, 216, 14), 'residx_atom14_to_atom37': (4, 216, 14), 'residx_atom37_to_atom14': (4, 216, 37), 'atom37_atom_exists': (4, 216, 37), 'extra_msa': (4, 5120, 216), 'extra_msa_mask': (4, 5120, 216), 'extra_msa_row_mask': (4, 5120), 'bert_mask': (4, 508, 216), 'true_msa': (4, 508, 216), 'extra_has_deletion': (4, 5120, 216), 'extra_deletion_value': (4, 5120, 216), 'msa_feat': (4, 508, 216, 49), 'target_feat': (4, 216, 22)}
I0811 22:47:56.104438 47931766220928 model.py:140] Output shape was {'distogram': {'bin_edges': (63,), 'logits': (216, 216, 64)}, 'experimentally_resolved': {'logits': (216, 37)}, 'masked_msa': {'logits': (508, 216, 23)}, 'predicted_lddt': {'logits': (216, 50)}, 'structure_module': {'final_atom_mask': (216, 37), 'final_atom_positions': (216, 37, 3)}, 'plddt': (216,)}
I0811 22:47:56.105088 47931766220928 run_alphafold.py:159] Total JAX model model_1 predict time (includes compilation time, see --benchmark): 153?
I0811 22:48:06.823063 47931766220928 amber_minimize.py:177] alterations info: {'nonstandard_residues': [], 'removed_heterogens': set(), 'missing_residues': {}, 'missing_heavy_atoms': {}, 'missing_terminals': {<Residue 215 (GLU) of chain 0>: ['OXT']}, 'Se_in_MET': [], 'removed_chains': {0: []}}
I0811 22:48:07.575869 47931766220928 amber_minimize.py:405] Minimizing protein, attempt 1 of 100.
I0811 22:48:07.960928 47931766220928 amber_minimize.py:69] Restraining 1744 / 3440 particles.
I0811 22:48:37.366922 47931766220928 amber_minimize.py:177] alterations info: {'nonstandard_residues': [], 'removed_heterogens': set(), 'missing_residues': {}, 'missing_heavy_atoms': {}, 'missing_terminals': {}, 'Se_in_MET': [], 'removed_chains': {0: []}}
I0811 22:48:58.963173 47931766220928 amber_minimize.py:491] Iteration completed: Einit 14596.86 Efinal -2591.04 Time 26.79 s num residue violations 0 num residue exclusions 0 
I0811 22:49:04.827452 47931766220928 amber_minimize.py:177] alterations info: {'nonstandard_residues': [], 'removed_heterogens': set(), 'missing_residues': {}, 'missing_heavy_atoms': {}, 'missing_terminals': {<Residue 215 (GLU) of chain 0>: ['OXT']}, 'Se_in_MET': [], 'removed_chains': {0: []}}
I0811 22:49:05.261051 47931766220928 run_alphafold.py:149] Running model model_2
I0811 22:49:13.462951 47931766220928 model.py:132] Running predict with shape(feat) = {'aatype': (4, 216), 'residue_index': (4, 216), 'seq_length': (4,), 'template_aatype': (4, 4, 216), 'template_all_atom_masks': (4, 4, 216, 37), 'template_all_atom_positions': (4, 4, 216, 37, 3), 'template_sum_probs': (4, 4, 1), 'is_distillation': (4,), 'seq_mask': (4, 216), 'msa_mask': (4, 508, 216), 'msa_row_mask': (4, 508), 'random_crop_to_size_seed': (4, 2), 'template_mask': (4, 4), 'template_pseudo_beta': (4, 4, 216, 3), 'template_pseudo_beta_mask': (4, 4, 216), 'atom14_atom_exists': (4, 216, 14), 'residx_atom14_to_atom37': (4, 216, 14), 'residx_atom37_to_atom14': (4, 216, 37), 'atom37_atom_exists': (4, 216, 37), 'extra_msa': (4, 1024, 216), 'extra_msa_mask': (4, 1024, 216), 'extra_msa_row_mask': (4, 1024), 'bert_mask': (4, 508, 216), 'true_msa': (4, 508, 216), 'extra_has_deletion': (4, 1024, 216), 'extra_deletion_value': (4, 1024, 216), 'msa_feat': (4, 508, 216, 49), 'target_feat': (4, 216, 22)}
I0811 22:51:32.327206 47931766220928 model.py:140] Output shape was {'distogram': {'bin_edges': (63,), 'logits': (216, 216, 64)}, 'experimentally_resolved': {'logits': (216, 37)}, 'masked_msa': {'logits': (508, 216, 23)}, 'predicted_lddt': {'logits': (216, 50)}, 'structure_module': {'final_atom_mask': (216, 37), 'final_atom_positions': (216, 37, 3)}, 'plddt': (216,)}
I0811 22:51:32.328011 47931766220928 run_alphafold.py:159] Total JAX model model_2 predict time (includes compilation time, see --benchmark): 139?
I0811 22:51:37.836885 47931766220928 amber_minimize.py:177] alterations info: {'nonstandard_residues': [], 'removed_heterogens': set(), 'missing_residues': {}, 'missing_heavy_atoms': {}, 'missing_terminals': {<Residue 215 (GLU) of chain 0>: ['OXT']}, 'Se_in_MET': [], 'removed_chains': {0: []}}
I0811 22:51:38.037992 47931766220928 amber_minimize.py:405] Minimizing protein, attempt 1 of 100.
I0811 22:51:38.380877 47931766220928 amber_minimize.py:69] Restraining 1744 / 3440 particles.
I0811 22:52:14.041811 47931766220928 amber_minimize.py:177] alterations info: {'nonstandard_residues': [], 'removed_heterogens': set(), 'missing_residues': {}, 'missing_heavy_atoms': {}, 'missing_terminals': {}, 'Se_in_MET': [], 'removed_chains': {0: []}}
I0811 22:52:14.571586 47931766220928 amber_minimize.py:491] Iteration completed: Einit 199576.35 Efinal -2444.13 Time 32.61 s num residue violations 0 num residue exclusions 0 
I0811 22:52:18.916989 47931766220928 amber_minimize.py:177] alterations info: {'nonstandard_residues': [], 'removed_heterogens': set(), 'missing_residues': {}, 'missing_heavy_atoms': {}, 'missing_terminals': {<Residue 215 (GLU) of chain 0>: ['OXT']}, 'Se_in_MET': [], 'removed_chains': {0: []}}
I0811 22:52:19.367881 47931766220928 run_alphafold.py:208] Final timings for 3DAC_010: {'features': 0.2081308364868164, 'process_features_model_1': 11.871323347091675, 'predict_and_compile_model_1': 152.969162940979, 'relax_model_1': 67.11925935745239, 'process_features_model_2': 8.200552225112915, 'predict_and_compile_model_2': 138.86620664596558, 'relax_model_2': 46.28673076629639}
