/lustre/home/acct-stu/stu/.conda/envs/alphafold_cuda10/lib/python3.8/site-packages/absl/flags/_validators.py:203: UserWarning: Flag --preset has a non-None default value; therefore, mark_flag_as_required will pass even if flag is not specified in the command line!
  warnings.warn(
I0810 00:24:03.778576 47063919265920 templates.py:837] Using precomputed obsolete pdbs /lustre/home/acct-stu/stu/parallelfold/data/pdb_mmcif/obsolete.dat.
I0810 00:24:05.505891 47063919265920 tpu_client.py:54] Starting the local TPU driver.
I0810 00:24:06.219919 47063919265920 xla_bridge.py:212] Unable to initialize backend 'tpu_driver': Not found: Unable to find driver in registry given worker: local://
I0810 00:24:07.644486 47063919265920 xla_bridge.py:212] Unable to initialize backend 'tpu': Invalid argument: TpuPlatform is not available.
I0810 00:24:10.831807 47063919265920 run_alphafold.py:267] Have 2 models: ['model_1', 'model_2']
I0810 00:24:10.832170 47063919265920 run_alphafold.py:280] Using random seed 7952616229270707825 for the data pipeline
I0810 00:24:11.294400 47063919265920 run_alphafold.py:149] Running model model_1
I0810 00:24:47.724627 47063919265920 model.py:132] Running predict with shape(feat) = {'aatype': (4, 141), 'residue_index': (4, 141), 'seq_length': (4,), 'template_aatype': (4, 4, 141), 'template_all_atom_masks': (4, 4, 141, 37), 'template_all_atom_positions': (4, 4, 141, 37, 3), 'template_sum_probs': (4, 4, 1), 'is_distillation': (4,), 'seq_mask': (4, 141), 'msa_mask': (4, 508, 141), 'msa_row_mask': (4, 508), 'random_crop_to_size_seed': (4, 2), 'template_mask': (4, 4), 'template_pseudo_beta': (4, 4, 141, 3), 'template_pseudo_beta_mask': (4, 4, 141), 'atom14_atom_exists': (4, 141, 14), 'residx_atom14_to_atom37': (4, 141, 14), 'residx_atom37_to_atom14': (4, 141, 37), 'atom37_atom_exists': (4, 141, 37), 'extra_msa': (4, 5120, 141), 'extra_msa_mask': (4, 5120, 141), 'extra_msa_row_mask': (4, 5120), 'bert_mask': (4, 508, 141), 'true_msa': (4, 508, 141), 'extra_has_deletion': (4, 5120, 141), 'extra_deletion_value': (4, 5120, 141), 'msa_feat': (4, 508, 141, 49), 'target_feat': (4, 141, 22)}
I0810 00:27:41.365082 47063919265920 model.py:140] Output shape was {'distogram': {'bin_edges': (63,), 'logits': (141, 141, 64)}, 'experimentally_resolved': {'logits': (141, 37)}, 'masked_msa': {'logits': (508, 141, 23)}, 'predicted_lddt': {'logits': (141, 50)}, 'structure_module': {'final_atom_mask': (141, 37), 'final_atom_positions': (141, 37, 3)}, 'plddt': (141,)}
I0810 00:27:41.385313 47063919265920 run_alphafold.py:159] Total JAX model model_1 predict time (includes compilation time, see --benchmark): 174?
I0810 00:28:13.748148 47063919265920 amber_minimize.py:177] alterations info: {'nonstandard_residues': [], 'removed_heterogens': set(), 'missing_residues': {}, 'missing_heavy_atoms': {}, 'missing_terminals': {<Residue 140 (LEU) of chain 0>: ['OXT']}, 'Se_in_MET': [], 'removed_chains': {0: []}}
I0810 00:28:14.498698 47063919265920 amber_minimize.py:405] Minimizing protein, attempt 1 of 100.
I0810 00:28:15.004076 47063919265920 amber_minimize.py:69] Restraining 1064 / 2210 particles.
I0810 00:28:28.676081 47063919265920 amber_minimize.py:177] alterations info: {'nonstandard_residues': [], 'removed_heterogens': set(), 'missing_residues': {}, 'missing_heavy_atoms': {}, 'missing_terminals': {}, 'Se_in_MET': [], 'removed_chains': {0: []}}
I0810 00:28:52.980804 47063919265920 amber_minimize.py:491] Iteration completed: Einit 3662.34 Efinal -2128.55 Time 10.32 s num residue violations 0 num residue exclusions 0 
I0810 00:28:57.916704 47063919265920 amber_minimize.py:177] alterations info: {'nonstandard_residues': [], 'removed_heterogens': set(), 'missing_residues': {}, 'missing_heavy_atoms': {}, 'missing_terminals': {<Residue 140 (LEU) of chain 0>: ['OXT']}, 'Se_in_MET': [], 'removed_chains': {0: []}}
I0810 00:28:58.266495 47063919265920 run_alphafold.py:149] Running model model_2
I0810 00:29:09.571964 47063919265920 model.py:132] Running predict with shape(feat) = {'aatype': (4, 141), 'residue_index': (4, 141), 'seq_length': (4,), 'template_aatype': (4, 4, 141), 'template_all_atom_masks': (4, 4, 141, 37), 'template_all_atom_positions': (4, 4, 141, 37, 3), 'template_sum_probs': (4, 4, 1), 'is_distillation': (4,), 'seq_mask': (4, 141), 'msa_mask': (4, 508, 141), 'msa_row_mask': (4, 508), 'random_crop_to_size_seed': (4, 2), 'template_mask': (4, 4), 'template_pseudo_beta': (4, 4, 141, 3), 'template_pseudo_beta_mask': (4, 4, 141), 'atom14_atom_exists': (4, 141, 14), 'residx_atom14_to_atom37': (4, 141, 14), 'residx_atom37_to_atom14': (4, 141, 37), 'atom37_atom_exists': (4, 141, 37), 'extra_msa': (4, 1024, 141), 'extra_msa_mask': (4, 1024, 141), 'extra_msa_row_mask': (4, 1024), 'bert_mask': (4, 508, 141), 'true_msa': (4, 508, 141), 'extra_has_deletion': (4, 1024, 141), 'extra_deletion_value': (4, 1024, 141), 'msa_feat': (4, 508, 141, 49), 'target_feat': (4, 141, 22)}
I0810 00:31:46.212414 47063919265920 model.py:140] Output shape was {'distogram': {'bin_edges': (63,), 'logits': (141, 141, 64)}, 'experimentally_resolved': {'logits': (141, 37)}, 'masked_msa': {'logits': (508, 141, 23)}, 'predicted_lddt': {'logits': (141, 50)}, 'structure_module': {'final_atom_mask': (141, 37), 'final_atom_positions': (141, 37, 3)}, 'plddt': (141,)}
I0810 00:31:46.217606 47063919265920 run_alphafold.py:159] Total JAX model model_2 predict time (includes compilation time, see --benchmark): 157?
I0810 00:31:56.117253 47063919265920 amber_minimize.py:177] alterations info: {'nonstandard_residues': [], 'removed_heterogens': set(), 'missing_residues': {}, 'missing_heavy_atoms': {}, 'missing_terminals': {<Residue 140 (LEU) of chain 0>: ['OXT']}, 'Se_in_MET': [], 'removed_chains': {0: []}}
I0810 00:31:56.295596 47063919265920 amber_minimize.py:405] Minimizing protein, attempt 1 of 100.
I0810 00:31:56.680379 47063919265920 amber_minimize.py:69] Restraining 1064 / 2210 particles.
I0810 00:32:08.644440 47063919265920 amber_minimize.py:177] alterations info: {'nonstandard_residues': [], 'removed_heterogens': set(), 'missing_residues': {}, 'missing_heavy_atoms': {}, 'missing_terminals': {}, 'Se_in_MET': [], 'removed_chains': {0: []}}
I0810 00:32:09.062110 47063919265920 amber_minimize.py:491] Iteration completed: Einit 3619.45 Efinal -2077.39 Time 10.63 s num residue violations 0 num residue exclusions 0 
I0810 00:32:14.076755 47063919265920 amber_minimize.py:177] alterations info: {'nonstandard_residues': [], 'removed_heterogens': set(), 'missing_residues': {}, 'missing_heavy_atoms': {}, 'missing_terminals': {<Residue 140 (LEU) of chain 0>: ['OXT']}, 'Se_in_MET': [], 'removed_chains': {0: []}}
I0810 00:32:15.491429 47063919265920 run_alphafold.py:208] Final timings for A501_001: {'features': 0.45093822479248047, 'process_features_model_1': 36.42970395088196, 'predict_and_compile_model_1': 173.66095805168152, 'relax_model_1': 74.893794298172, 'process_features_model_2': 11.30236029624939, 'predict_and_compile_model_2': 156.6485035419464, 'relax_model_2': 28.21698546409607}
