/lustre/home/acct-stu/stu/.conda/envs/alphafold_cuda10/lib/python3.8/site-packages/absl/flags/_validators.py:203: UserWarning: Flag --preset has a non-None default value; therefore, mark_flag_as_required will pass even if flag is not specified in the command line!
  warnings.warn(
I0810 00:21:26.757065 47212008327296 templates.py:837] Using precomputed obsolete pdbs /lustre/home/acct-stu/stu/parallelfold/data/pdb_mmcif/obsolete.dat.
I0810 00:21:27.366349 47212008327296 tpu_client.py:54] Starting the local TPU driver.
I0810 00:21:27.535868 47212008327296 xla_bridge.py:212] Unable to initialize backend 'tpu_driver': Not found: Unable to find driver in registry given worker: local://
I0810 00:21:29.251520 47212008327296 xla_bridge.py:212] Unable to initialize backend 'tpu': Invalid argument: TpuPlatform is not available.
I0810 00:21:31.678315 47212008327296 run_alphafold.py:267] Have 2 models: ['model_1', 'model_2']
I0810 00:21:31.678555 47212008327296 run_alphafold.py:280] Using random seed 40002480771836454 for the data pipeline
I0810 00:21:31.758479 47212008327296 run_alphafold.py:149] Running model model_1
I0810 00:21:48.210939 47212008327296 model.py:132] Running predict with shape(feat) = {'aatype': (4, 222), 'residue_index': (4, 222), 'seq_length': (4,), 'template_aatype': (4, 4, 222), 'template_all_atom_masks': (4, 4, 222, 37), 'template_all_atom_positions': (4, 4, 222, 37, 3), 'template_sum_probs': (4, 4, 1), 'is_distillation': (4,), 'seq_mask': (4, 222), 'msa_mask': (4, 508, 222), 'msa_row_mask': (4, 508), 'random_crop_to_size_seed': (4, 2), 'template_mask': (4, 4), 'template_pseudo_beta': (4, 4, 222, 3), 'template_pseudo_beta_mask': (4, 4, 222), 'atom14_atom_exists': (4, 222, 14), 'residx_atom14_to_atom37': (4, 222, 14), 'residx_atom37_to_atom14': (4, 222, 37), 'atom37_atom_exists': (4, 222, 37), 'extra_msa': (4, 5120, 222), 'extra_msa_mask': (4, 5120, 222), 'extra_msa_row_mask': (4, 5120), 'bert_mask': (4, 508, 222), 'true_msa': (4, 508, 222), 'extra_has_deletion': (4, 5120, 222), 'extra_deletion_value': (4, 5120, 222), 'msa_feat': (4, 508, 222, 49), 'target_feat': (4, 222, 22)}
I0810 00:24:42.254456 47212008327296 model.py:140] Output shape was {'distogram': {'bin_edges': (63,), 'logits': (222, 222, 64)}, 'experimentally_resolved': {'logits': (222, 37)}, 'masked_msa': {'logits': (508, 222, 23)}, 'predicted_lddt': {'logits': (222, 50)}, 'structure_module': {'final_atom_mask': (222, 37), 'final_atom_positions': (222, 37, 3)}, 'plddt': (222,)}
I0810 00:24:42.257378 47212008327296 run_alphafold.py:159] Total JAX model model_1 predict time (includes compilation time, see --benchmark): 174?
I0810 00:24:52.802857 47212008327296 amber_minimize.py:177] alterations info: {'nonstandard_residues': [], 'removed_heterogens': set(), 'missing_residues': {}, 'missing_heavy_atoms': {}, 'missing_terminals': {<Residue 221 (ASP) of chain 0>: ['OXT']}, 'Se_in_MET': [], 'removed_chains': {0: []}}
I0810 00:24:53.048332 47212008327296 amber_minimize.py:405] Minimizing protein, attempt 1 of 100.
I0810 00:24:54.075221 47212008327296 amber_minimize.py:69] Restraining 1873 / 3699 particles.
I0810 00:25:50.121162 47212008327296 amber_minimize.py:177] alterations info: {'nonstandard_residues': [], 'removed_heterogens': set(), 'missing_residues': {}, 'missing_heavy_atoms': {}, 'missing_terminals': {}, 'Se_in_MET': [], 'removed_chains': {0: []}}
I0810 00:26:08.423222 47212008327296 amber_minimize.py:491] Iteration completed: Einit 8204.52 Efinal -5597.42 Time 54.31 s num residue violations 0 num residue exclusions 0 
I0810 00:26:12.564613 47212008327296 amber_minimize.py:177] alterations info: {'nonstandard_residues': [], 'removed_heterogens': set(), 'missing_residues': {}, 'missing_heavy_atoms': {}, 'missing_terminals': {<Residue 221 (ASP) of chain 0>: ['OXT']}, 'Se_in_MET': [], 'removed_chains': {0: []}}
I0810 00:26:13.578149 47212008327296 run_alphafold.py:149] Running model model_2
I0810 00:26:15.350501 47212008327296 model.py:132] Running predict with shape(feat) = {'aatype': (4, 222), 'residue_index': (4, 222), 'seq_length': (4,), 'template_aatype': (4, 4, 222), 'template_all_atom_masks': (4, 4, 222, 37), 'template_all_atom_positions': (4, 4, 222, 37, 3), 'template_sum_probs': (4, 4, 1), 'is_distillation': (4,), 'seq_mask': (4, 222), 'msa_mask': (4, 508, 222), 'msa_row_mask': (4, 508), 'random_crop_to_size_seed': (4, 2), 'template_mask': (4, 4), 'template_pseudo_beta': (4, 4, 222, 3), 'template_pseudo_beta_mask': (4, 4, 222), 'atom14_atom_exists': (4, 222, 14), 'residx_atom14_to_atom37': (4, 222, 14), 'residx_atom37_to_atom14': (4, 222, 37), 'atom37_atom_exists': (4, 222, 37), 'extra_msa': (4, 1024, 222), 'extra_msa_mask': (4, 1024, 222), 'extra_msa_row_mask': (4, 1024), 'bert_mask': (4, 508, 222), 'true_msa': (4, 508, 222), 'extra_has_deletion': (4, 1024, 222), 'extra_deletion_value': (4, 1024, 222), 'msa_feat': (4, 508, 222, 49), 'target_feat': (4, 222, 22)}
I0810 00:28:54.019775 47212008327296 model.py:140] Output shape was {'distogram': {'bin_edges': (63,), 'logits': (222, 222, 64)}, 'experimentally_resolved': {'logits': (222, 37)}, 'masked_msa': {'logits': (508, 222, 23)}, 'predicted_lddt': {'logits': (222, 50)}, 'structure_module': {'final_atom_mask': (222, 37), 'final_atom_positions': (222, 37, 3)}, 'plddt': (222,)}
I0810 00:28:54.029644 47212008327296 run_alphafold.py:159] Total JAX model model_2 predict time (includes compilation time, see --benchmark): 159?
I0810 00:28:59.191913 47212008327296 amber_minimize.py:177] alterations info: {'nonstandard_residues': [], 'removed_heterogens': set(), 'missing_residues': {}, 'missing_heavy_atoms': {}, 'missing_terminals': {<Residue 221 (ASP) of chain 0>: ['OXT']}, 'Se_in_MET': [], 'removed_chains': {0: []}}
I0810 00:28:59.439867 47212008327296 amber_minimize.py:405] Minimizing protein, attempt 1 of 100.
I0810 00:29:00.904299 47212008327296 amber_minimize.py:69] Restraining 1873 / 3699 particles.
I0810 00:29:48.573338 47212008327296 amber_minimize.py:177] alterations info: {'nonstandard_residues': [], 'removed_heterogens': set(), 'missing_residues': {}, 'missing_heavy_atoms': {}, 'missing_terminals': {}, 'Se_in_MET': [], 'removed_chains': {0: []}}
I0810 00:29:49.147126 47212008327296 amber_minimize.py:491] Iteration completed: Einit 22121.70 Efinal -5701.59 Time 46.92 s num residue violations 0 num residue exclusions 0 
I0810 00:29:53.059768 47212008327296 amber_minimize.py:177] alterations info: {'nonstandard_residues': [], 'removed_heterogens': set(), 'missing_residues': {}, 'missing_heavy_atoms': {}, 'missing_terminals': {<Residue 221 (ASP) of chain 0>: ['OXT']}, 'Se_in_MET': [], 'removed_chains': {0: []}}
I0810 00:29:54.582938 47212008327296 run_alphafold.py:208] Final timings for A501_010: {'features': 0.06049680709838867, 'process_features_model_1': 16.451968669891357, 'predict_and_compile_model_1': 174.04671621322632, 'relax_model_1': 89.57601737976074, 'process_features_model_2': 1.7709858417510986, 'predict_and_compile_model_2': 158.68030333518982, 'relax_model_2': 59.61972713470459}
