/lustre/home/acct-stu/stu/.conda/envs/alphafold_cuda10/lib/python3.8/site-packages/absl/flags/_validators.py:203: UserWarning: Flag --preset has a non-None default value; therefore, mark_flag_as_required will pass even if flag is not specified in the command line!
  warnings.warn(
I0811 22:43:09.633075 47175265265792 templates.py:837] Using precomputed obsolete pdbs /lustre/home/acct-stu/stu/parallelfold/data/pdb_mmcif/obsolete.dat.
I0811 22:43:09.909943 47175265265792 tpu_client.py:54] Starting the local TPU driver.
I0811 22:43:09.910382 47175265265792 xla_bridge.py:212] Unable to initialize backend 'tpu_driver': Not found: Unable to find driver in registry given worker: local://
I0811 22:43:10.478258 47175265265792 xla_bridge.py:212] Unable to initialize backend 'tpu': Invalid argument: TpuPlatform is not available.
I0811 22:43:12.930094 47175265265792 run_alphafold.py:267] Have 2 models: ['model_1', 'model_2']
I0811 22:43:12.930348 47175265265792 run_alphafold.py:280] Using random seed 2525130466456579582 for the data pipeline
I0811 22:43:13.139208 47175265265792 run_alphafold.py:149] Running model model_1
I0811 22:43:18.686609 47175265265792 model.py:132] Running predict with shape(feat) = {'aatype': (4, 285), 'residue_index': (4, 285), 'seq_length': (4,), 'template_aatype': (4, 4, 285), 'template_all_atom_masks': (4, 4, 285, 37), 'template_all_atom_positions': (4, 4, 285, 37, 3), 'template_sum_probs': (4, 4, 1), 'is_distillation': (4,), 'seq_mask': (4, 285), 'msa_mask': (4, 508, 285), 'msa_row_mask': (4, 508), 'random_crop_to_size_seed': (4, 2), 'template_mask': (4, 4), 'template_pseudo_beta': (4, 4, 285, 3), 'template_pseudo_beta_mask': (4, 4, 285), 'atom14_atom_exists': (4, 285, 14), 'residx_atom14_to_atom37': (4, 285, 14), 'residx_atom37_to_atom14': (4, 285, 37), 'atom37_atom_exists': (4, 285, 37), 'extra_msa': (4, 5120, 285), 'extra_msa_mask': (4, 5120, 285), 'extra_msa_row_mask': (4, 5120), 'bert_mask': (4, 508, 285), 'true_msa': (4, 508, 285), 'extra_has_deletion': (4, 5120, 285), 'extra_deletion_value': (4, 5120, 285), 'msa_feat': (4, 508, 285, 49), 'target_feat': (4, 285, 22)}
I0811 22:45:58.337280 47175265265792 model.py:140] Output shape was {'distogram': {'bin_edges': (63,), 'logits': (285, 285, 64)}, 'experimentally_resolved': {'logits': (285, 37)}, 'masked_msa': {'logits': (508, 285, 23)}, 'predicted_lddt': {'logits': (285, 50)}, 'structure_module': {'final_atom_mask': (285, 37), 'final_atom_positions': (285, 37, 3)}, 'plddt': (285,)}
I0811 22:45:58.337835 47175265265792 run_alphafold.py:159] Total JAX model model_1 predict time (includes compilation time, see --benchmark): 160?
I0811 22:46:12.497534 47175265265792 amber_minimize.py:177] alterations info: {'nonstandard_residues': [], 'removed_heterogens': set(), 'missing_residues': {}, 'missing_heavy_atoms': {}, 'missing_terminals': {<Residue 284 (ARG) of chain 0>: ['OXT']}, 'Se_in_MET': [], 'removed_chains': {0: []}}
I0811 22:46:12.798243 47175265265792 amber_minimize.py:405] Minimizing protein, attempt 1 of 100.
I0811 22:46:13.869923 47175265265792 amber_minimize.py:69] Restraining 2276 / 4589 particles.
I0811 22:47:22.213761 47175265265792 amber_minimize.py:177] alterations info: {'nonstandard_residues': [], 'removed_heterogens': set(), 'missing_residues': {}, 'missing_heavy_atoms': {}, 'missing_terminals': {}, 'Se_in_MET': [], 'removed_chains': {0: []}}
I0811 22:47:46.187858 47175265265792 amber_minimize.py:491] Iteration completed: Einit 8808.25 Efinal -5473.14 Time 66.68 s num residue violations 0 num residue exclusions 0 
I0811 22:47:50.801435 47175265265792 amber_minimize.py:177] alterations info: {'nonstandard_residues': [], 'removed_heterogens': set(), 'missing_residues': {}, 'missing_heavy_atoms': {}, 'missing_terminals': {<Residue 284 (ARG) of chain 0>: ['OXT']}, 'Se_in_MET': [], 'removed_chains': {0: []}}
I0811 22:47:51.979002 47175265265792 run_alphafold.py:149] Running model model_2
I0811 22:47:58.950954 47175265265792 model.py:132] Running predict with shape(feat) = {'aatype': (4, 285), 'residue_index': (4, 285), 'seq_length': (4,), 'template_aatype': (4, 4, 285), 'template_all_atom_masks': (4, 4, 285, 37), 'template_all_atom_positions': (4, 4, 285, 37, 3), 'template_sum_probs': (4, 4, 1), 'is_distillation': (4,), 'seq_mask': (4, 285), 'msa_mask': (4, 508, 285), 'msa_row_mask': (4, 508), 'random_crop_to_size_seed': (4, 2), 'template_mask': (4, 4), 'template_pseudo_beta': (4, 4, 285, 3), 'template_pseudo_beta_mask': (4, 4, 285), 'atom14_atom_exists': (4, 285, 14), 'residx_atom14_to_atom37': (4, 285, 14), 'residx_atom37_to_atom14': (4, 285, 37), 'atom37_atom_exists': (4, 285, 37), 'extra_msa': (4, 1024, 285), 'extra_msa_mask': (4, 1024, 285), 'extra_msa_row_mask': (4, 1024), 'bert_mask': (4, 508, 285), 'true_msa': (4, 508, 285), 'extra_has_deletion': (4, 1024, 285), 'extra_deletion_value': (4, 1024, 285), 'msa_feat': (4, 508, 285, 49), 'target_feat': (4, 285, 22)}
I0811 22:50:34.539128 47175265265792 model.py:140] Output shape was {'distogram': {'bin_edges': (63,), 'logits': (285, 285, 64)}, 'experimentally_resolved': {'logits': (285, 37)}, 'masked_msa': {'logits': (508, 285, 23)}, 'predicted_lddt': {'logits': (285, 50)}, 'structure_module': {'final_atom_mask': (285, 37), 'final_atom_positions': (285, 37, 3)}, 'plddt': (285,)}
I0811 22:50:34.539834 47175265265792 run_alphafold.py:159] Total JAX model model_2 predict time (includes compilation time, see --benchmark): 156?
I0811 22:50:41.592024 47175265265792 amber_minimize.py:177] alterations info: {'nonstandard_residues': [], 'removed_heterogens': set(), 'missing_residues': {}, 'missing_heavy_atoms': {}, 'missing_terminals': {<Residue 284 (ARG) of chain 0>: ['OXT']}, 'Se_in_MET': [], 'removed_chains': {0: []}}
I0811 22:50:41.885653 47175265265792 amber_minimize.py:405] Minimizing protein, attempt 1 of 100.
I0811 22:50:42.374276 47175265265792 amber_minimize.py:69] Restraining 2276 / 4589 particles.
I0811 22:51:42.018764 47175265265792 amber_minimize.py:177] alterations info: {'nonstandard_residues': [], 'removed_heterogens': set(), 'missing_residues': {}, 'missing_heavy_atoms': {}, 'missing_terminals': {}, 'Se_in_MET': [], 'removed_chains': {0: []}}
I0811 22:51:42.886209 47175265265792 amber_minimize.py:491] Iteration completed: Einit 7261.29 Efinal -5443.95 Time 56.22 s num residue violations 0 num residue exclusions 0 
I0811 22:51:47.586867 47175265265792 amber_minimize.py:177] alterations info: {'nonstandard_residues': [], 'removed_heterogens': set(), 'missing_residues': {}, 'missing_heavy_atoms': {}, 'missing_terminals': {<Residue 284 (ARG) of chain 0>: ['OXT']}, 'Se_in_MET': [], 'removed_chains': {0: []}}
I0811 22:51:49.197484 47175265265792 run_alphafold.py:208] Final timings for 3DAC_006: {'features': 0.20365333557128906, 'process_features_model_1': 5.546875953674316, 'predict_and_compile_model_1': 159.6515245437622, 'relax_model_1': 111.03493118286133, 'process_features_model_2': 6.969119071960449, 'predict_and_compile_model_2': 155.5914933681488, 'relax_model_2': 73.42483925819397}
